================================================================================
CALIBRATION VALIDATION REPORT
================================================================================

Generated: 2024-12-15T14:22:18.456789+00:00
Status: FAILED

SUMMARY
--------------------------------------------------------------------------------
Total Checks: 200
Passed:       185
Failed:       15
Warnings:     3

DETAILED RESULTS
--------------------------------------------------------------------------------

File: intrinsic_calibration
  Checks: 8
  Passed: 6
  Failed: 2
  Errors:
    - Role SCORE_Q: missing layers ['@q'] without justification
    - Role AGGREGATE: Layer @d justification not approved

File: fusion_weights
  Checks: 8
  Passed: 5
  Failed: 3
  Errors:
    - Role SCORE_Q: Negative linear weight for @b: -0.05
    - Role INGEST_PDM: Fusion weights sum to 0.952340000000, expected 1.0 ± 1e-09
    - Role TRANSFORM: Negative interaction weight for (@b, @u): -0.01

File: method_compatibility
  Checks: 180
  Passed: 170
  Failed: 10
  Errors:
    - Method universal_analyzer: Anti-universality violation (min(q=0.950, d=0.920, p=0.900) = 0.900 >= 0.9)
    - Method super_scorer: Anti-universality violation (min(q=0.980, d=0.970, p=0.910) = 0.910 >= 0.9)
    - Method pattern_oracle: Anti-universality violation (min(q=0.990, d=0.950, p=0.940) = 0.940 >= 0.9)
    - Method evidence_extractor_v3: Incomplete compatibility scores (q=5, d=0, p=3)
    - Method semantic_chunker_pro: Anti-universality violation (min(q=0.900, d=0.900, p=0.920) = 0.900 >= 0.9)
    - Method bayesian_meta_scorer: Anti-universality violation (min(q=0.930, d=0.915, p=0.905) = 0.905 >= 0.9)
    - Method coherence_validator_v2: Missing required keys: ['b_impl']
    - Method contradiction_detector: Score 'b_theory'=1.200000 out of bounds [0,1]
    - Method causal_chain_analyzer: Invalid status 'in_progress', must be one of {'pending', 'computed', 'excluded', 'none'}
    - Method derek_beach_tracer: Forbidden keys present: ['_debug', '_temp']

File: questionnaire_monolith
  Checks: 1
  Passed: 1
  Failed: 0

File: environments
  Checks: 3
  Passed: 3
  Failed: 0
  Warnings:
    - Development environment: timeout_s=300 may be too high for local testing
    - Staging environment: Missing retry configuration
    - Production environment: Consider enabling stricter validation gates

================================================================================
CRITICAL FAILURES REQUIRING IMMEDIATE ATTENTION
================================================================================

1. LAYER COMPLETENESS VIOLATIONS (2 failures)
   - SCORE_Q role missing required @q layer without justification
   - AGGREGATE role has unapproved justification for @d layer
   
   ACTION: Add approved justifications or include missing layers in method configs

2. FUSION WEIGHT VIOLATIONS (3 failures)
   - Negative weights detected in SCORE_Q (@b=-0.05) and TRANSFORM ((@b,@u)=-0.01)
   - INGEST_PDM weights sum to 0.952 instead of 1.0
   
   ACTION: Ensure all weights ≥ 0 and sum(linear) + sum(interaction) = 1.0 ± 1e-9

3. ANTI-UNIVERSALITY VIOLATIONS (6 failures)
   - Methods with min(x_@q, x_@d, x_@p) ≥ 0.9:
     * universal_analyzer (min=0.900)
     * super_scorer (min=0.910)
     * pattern_oracle (min=0.940)
     * semantic_chunker_pro (min=0.900)
     * bayesian_meta_scorer (min=0.905)
   
   ACTION: Reduce at least one compatibility dimension below 0.9 for each method

4. SCHEMA VIOLATIONS (4 failures)
   - coherence_validator_v2: Missing b_impl score
   - contradiction_detector: b_theory=1.2 exceeds upper bound
   - causal_chain_analyzer: Invalid status value
   - derek_beach_tracer: Contains forbidden debug keys
   
   ACTION: Fix schema compliance issues before deployment

================================================================================
WARNINGS (Non-Critical)
================================================================================

1. Environment configurations may need tuning for optimal performance
2. Consider standardizing retry policies across all environments
3. Enable additional validation gates in production for safety

================================================================================
NEXT STEPS
================================================================================

1. Fix all 15 critical failures listed above
2. Re-run validation: python -m src.cross_cutting_infrastrucuture.capaz_calibration_parmetrization.calibration_validator
3. Address warnings to improve system robustness
4. Document any approved exceptions in method justifications

================================================================================
