STDOUT:
================================================================================
============================= test session starts ==============================
platform linux -- Python 3.11.14, pytest-9.0.1, pluggy-1.6.0 -- /root/.local/share/uv/tools/pytest/bin/python
cachedir: .pytest_cache
rootdir: /home/user/F.A.R.F.A.N-MECHANISTIC_POLICY_PIPELINE_
configfile: pyproject.toml
collecting ... collected 596 items / 56 errors / 2 skipped

tests/calibration/test_data_structures.py::TestLayerScore::test_valid_score PASSED [  0%]
tests/calibration/test_data_structures.py::TestLayerScore::test_score_too_high PASSED [  0%]
tests/calibration/test_data_structures.py::TestLayerScore::test_score_too_low PASSED [  0%]
tests/calibration/test_data_structures.py::TestLayerScore::test_boundary_values PASSED [  0%]
tests/calibration/test_data_structures.py::TestContextTuple::test_valid_context PASSED [  0%]
tests/calibration/test_data_structures.py::TestContextTuple::test_invalid_dimension_notation PASSED [  1%]
tests/calibration/test_data_structures.py::TestContextTuple::test_invalid_policy_notation PASSED [  1%]
tests/calibration/test_data_structures.py::TestCompatibilityMapping::test_get_score_declared PASSED [  1%]
tests/calibration/test_data_structures.py::TestCompatibilityMapping::test_get_score_undeclared PASSED [  1%]
tests/calibration/test_data_structures.py::TestCompatibilityMapping::test_anti_universality_compliant PASSED [  1%]
tests/calibration/test_data_structures.py::TestCompatibilityMapping::test_anti_universality_violation PASSED [  1%]
tests/calibration/test_data_structures.py::TestInteractionTerm::test_compute_weakest_link PASSED [  2%]
tests/calibration/test_data_structures.py::TestInteractionTerm::test_compute_missing_layer PASSED [  2%]
tests/calibration/test_data_structures.py::TestCalibrationResult::test_valid_result PASSED [  2%]
tests/calibration/test_data_structures.py::TestCalibrationResult::test_invalid_sum PASSED [  2%]
tests/calibration/test_gap0_complete.py::TestGAP0Integration::test_orchestrator_has_intrinsic_components PASSED [  2%]
tests/calibration/test_gap0_complete.py::TestGAP0Integration::test_intrinsic_loader_is_initialized PASSED [  2%]
tests/calibration/test_gap0_complete.py::TestGAP0Integration::test_base_score_not_hardcoded PASSED [  3%]
tests/calibration/test_gap0_complete.py::TestGAP0Integration::test_layer_requirements_vary_by_role FAILED [  3%]
tests/calibration/test_gap0_complete.py::TestGAP0Integration::test_base_layer_always_present PASSED [  3%]
tests/calibration/test_gap0_complete.py::TestGAP0Integration::test_utility_methods_skip_analytical_layers PASSED [  3%]
tests/calibration/test_gap0_complete.py::TestGAP0Integration::test_analyzer_methods_require_all_layers PASSED [  3%]
tests/calibration/test_gap0_complete.py::TestGAP0Integration::test_uncalibrated_method_uses_default PASSED [  3%]
tests/calibration/test_gap0_complete.py::TestGAP0Integration::test_no_hardcoded_base_score_in_results PASSED [  4%]
tests/calibration/test_gap0_complete.py::TestGAP0Statistics::test_loader_statistics_are_logged PASSED [  4%]
tests/calibration/test_gap0_complete.py::TestGAP0Statistics::test_layer_summary_readable PASSED [  4%]
tests/calibration/test_gap0_complete.py::TestGAP0Completeness::test_no_parallel_loaders PASSED [  4%]
tests/calibration/test_gap0_complete.py::TestGAP0Completeness::test_no_parallel_resolvers PASSED [  4%]
tests/calibration/test_gap0_complete.py::TestGAP0Completeness::test_orchestrator_imports_correct_modules PASSED [  4%]
tests/calibration/test_gap0_complete.py::TestGAP0Completeness::test_no_hardcoded_base_score_in_orchestrator PASSED [  5%]
tests/calibration/test_intrinsic_loader.py::TestIntrinsicScoreLoader::test_initialization PASSED [  5%]
tests/calibration/test_intrinsic_loader.py::TestIntrinsicScoreLoader::test_lazy_loading PASSED [  5%]
tests/calibration/test_intrinsic_loader.py::TestIntrinsicScoreLoader::test_score_computation FAILED [  5%]
tests/calibration/test_intrinsic_loader.py::TestIntrinsicScoreLoader::test_score_range_validation PASSED [  5%]
tests/calibration/test_intrinsic_loader.py::TestIntrinsicScoreLoader::test_excluded_method_returns_default PASSED [  5%]
tests/calibration/test_intrinsic_loader.py::TestIntrinsicScoreLoader::test_unknown_method_returns_default PASSED [  6%]
tests/calibration/test_intrinsic_loader.py::TestIntrinsicScoreLoader::test_is_calibrated PASSED [  6%]
tests/calibration/test_intrinsic_loader.py::TestIntrinsicScoreLoader::test_is_excluded PASSED [  6%]
tests/calibration/test_intrinsic_loader.py::TestIntrinsicScoreLoader::test_get_layer PASSED [  6%]
tests/calibration/test_intrinsic_loader.py::TestIntrinsicScoreLoader::test_get_method_data PASSED [  6%]
tests/calibration/test_intrinsic_loader.py::TestIntrinsicScoreLoader::test_get_statistics PASSED [  6%]
tests/calibration/test_intrinsic_loader.py::TestIntrinsicScoreLoader::test_missing_file_raises_error PASSED [  7%]
tests/calibration/test_intrinsic_loader.py::TestIntrinsicScoreLoader::test_missing_score_components_returns_zero FAILED [  7%]
tests/calibration/test_intrinsic_loader.py::TestIntrinsicScoreLoaderWithRealData::test_real_file_loads PASSED [  7%]
tests/calibration/test_intrinsic_loader.py::TestIntrinsicScoreLoaderWithRealData::test_real_file_scores_in_range PASSED [  7%]
tests/calibration/test_intrinsic_loader.py::TestIntrinsicScoreLoaderWithRealData::test_real_file_has_expected_structure PASSED [  7%]
tests/calibration/test_layer_requirements.py::TestLayerRequirementsResolver::test_initialization PASSED [  7%]
tests/calibration/test_layer_requirements.py::TestLayerRequirementsResolver::test_analyzer_requires_all_layers PASSED [  8%]
tests/calibration/test_layer_requirements.py::TestLayerRequirementsResolver::test_processor_requires_core_plus_unit_meta PASSED [  8%]
tests/calibration/test_layer_requirements.py::TestLayerRequirementsResolver::test_ingest_requires_core_plus_unit_meta PASSED [  8%]
tests/calibration/test_layer_requirements.py::TestLayerRequirementsResolver::test_aggregate_requires_contextual_layers PASSED [  8%]
tests/calibration/test_layer_requirements.py::TestLayerRequirementsResolver::test_report_requires_minimal_layers PASSED [  8%]
tests/calibration/test_layer_requirements.py::TestLayerRequirementsResolver::test_utility_requires_minimal_layers PASSED [  8%]
tests/calibration/test_layer_requirements.py::TestLayerRequirementsResolver::test_unknown_role_uses_conservative_fallback PASSED [  9%]
tests/calibration/test_layer_requirements.py::TestLayerRequirementsResolver::test_missing_layer_field_uses_conservative_fallback PASSED [  9%]
tests/calibration/test_layer_requirements.py::TestLayerRequirementsResolver::test_nonexistent_method_uses_conservative_fallback PASSED [  9%]
tests/calibration/test_layer_requirements.py::TestLayerRequirementsResolver::test_all_mappings_include_base PASSED [  9%]
tests/calibration/test_layer_requirements.py::TestLayerRequirementsResolver::test_should_skip_layer_for_utility PASSED [  9%]
tests/calibration/test_layer_requirements.py::TestLayerRequirementsResolver::test_should_skip_layer_for_analyzer PASSED [  9%]
tests/calibration/test_layer_requirements.py::TestLayerRequirementsResolver::test_should_skip_layer_string_input PASSED [ 10%]
tests/calibration/test_layer_requirements.py::TestLayerRequirementsResolver::test_get_layer_summary PASSED [ 10%]
tests/calibration/test_layer_requirements.py::TestLayerRequirementsResolver::test_get_skipped_layers PASSED [ 10%]
tests/calibration/test_layer_requirements.py::TestLayerRequirementsResolver::test_validation_all_roles_include_base PASSED [ 10%]
tests/calibration/test_layer_requirements.py::TestLayerRequirementsWithRealData::test_real_data_loads PASSED [ 10%]
tests/calibration/test_layer_requirements.py::TestLayerRequirementsWithRealData::test_real_data_always_includes_base PASSED [ 10%]
tests/calibration/test_regression.py::TestDeterminism::test_unit_layer_deterministic PASSED [ 11%]
tests/calibration/test_regression.py::TestDeterminism::test_congruence_layer_deterministic PASSED [ 11%]
tests/calibration/test_regression.py::TestDeterminism::test_chain_layer_deterministic PASSED [ 11%]
tests/calibration/test_regression.py::TestDeterminism::test_meta_layer_deterministic PASSED [ 11%]
tests/calibration/test_regression.py::TestKnownGoodScores::test_high_quality_pdt_scores_high PASSED [ 11%]
tests/calibration/test_regression.py::TestKnownGoodScores::test_perfect_congruence_scores_high PASSED [ 11%]
tests/calibration/test_regression.py::TestKnownGoodScores::test_complete_chain_scores_high PASSED [ 12%]
tests/calibration/test_regression.py::TestLayerInteraction::test_all_layers_return_valid_scores PASSED [ 12%]
tests/calibration/test_regression.py::TestConfigStability::test_config_hash_changes_with_values PASSED [ 12%]
tests/compat/test_safe_imports.py::TestTryImport::test_import_existing_module PASSED [ 12%]
tests/compat/test_safe_imports.py::TestTryImport::test_import_nonexistent_optional PASSED [ 12%]
tests/compat/test_safe_imports.py::TestTryImport::test_import_nonexistent_required PASSED [ 12%]
tests/compat/test_safe_imports.py::TestTryImport::test_import_with_alternative_success PASSED [ 13%]
tests/compat/test_safe_imports.py::TestTryImport::test_import_with_alternative_both_fail PASSED [ 13%]
tests/compat/test_safe_imports.py::TestCheckImportAvailable::test_check_existing_module PASSED [ 13%]
tests/compat/test_safe_imports.py::TestCheckImportAvailable::test_check_nonexistent_module PASSED [ 13%]
tests/compat/test_safe_imports.py::TestCheckImportAvailable::test_check_package_submodule PASSED [ 13%]
tests/compat/test_safe_imports.py::TestGetImportVersion::test_get_version_existing FAILED [ 13%]
tests/compat/test_safe_imports.py::TestGetImportVersion::test_get_version_nonexistent PASSED [ 14%]
tests/compat/test_safe_imports.py::TestLazyImport::test_lazy_import_success PASSED [ 14%]
tests/compat/test_safe_imports.py::TestLazyImport::test_lazy_import_memoization PASSED [ 14%]
tests/compat/test_safe_imports.py::TestLazyImport::test_lazy_import_failure PASSED [ 14%]
tests/compat/test_safe_imports.py::TestLazyImport::test_lazy_import_cached_failure PASSED [ 14%]
tests/compat/test_safe_imports.py::TestImportErrorDetailed::test_exception_is_import_error PASSED [ 14%]
tests/compat/test_safe_imports.py::TestImportErrorDetailed::test_exception_message PASSED [ 15%]
tests/compat/test_safe_imports.py::TestImportErrorDetailed::test_exception_chaining PASSED [ 15%]
tests/compat/test_safe_imports.py::TestRealWorldScenarios::test_tomllib_vs_tomli_pattern PASSED [ 15%]
tests/compat/test_safe_imports.py::TestRealWorldScenarios::test_optional_heavy_dependency_pattern PASSED [ 15%]
tests/compat/test_safe_imports.py::TestRealWorldScenarios::test_required_core_dependency_pattern PASSED [ 15%]
tests/compat/test_safe_imports.py::test_module_exports PASSED            [ 15%]
tests/integration/test_30_executors.py::TestSagaPatternIntegration::test_saga_import PASSED [ 16%]
tests/integration/test_30_executors.py::TestSagaPatternIntegration::test_saga_basic_execution PASSED [ 16%]
tests/integration/test_30_executors.py::TestSagaPatternIntegration::test_saga_compensation PASSED [ 16%]
tests/integration/test_30_executors.py::TestEventTrackingIntegration::test_event_tracker_import PASSED [ 16%]
tests/integration/test_30_executors.py::TestEventTrackingIntegration::test_event_recording PASSED [ 16%]
tests/integration/test_30_executors.py::TestEventTrackingIntegration::test_event_span_tracking FAILED [ 16%]
tests/integration/test_30_executors.py::TestRLOptimizationIntegration::test_rl_optimizer_import FAILED [ 17%]
tests/integration/test_30_executors.py::TestRLOptimizationIntegration::test_rl_optimizer_basic FAILED [ 17%]
tests/operational/test_boot_checks.py::TestBootCheck::test_check_invalid_module PASSED [ 17%]
tests/operational/test_boot_checks.py::TestBootCheck::test_check_registry_validation_graceful_failure PASSED [ 17%]
tests/operational/test_boot_checks.py::TestBootCheck::test_check_runtime_validators_graceful_failure PASSED [ 17%]
tests/operational/test_boot_checks.py::TestBootCheck::test_check_valid_module PASSED [ 17%]
tests/operational/test_synthetic_traffic.py::TestSyntheticTraffic::test_base_slot_format PASSED [ 18%]
tests/operational/test_synthetic_traffic.py::TestSyntheticTraffic::test_evidence_matches_modality PASSED [ 18%]
tests/operational/test_synthetic_traffic.py::TestSyntheticTraffic::test_generate_evidence_type_a PASSED [ 18%]
tests/operational/test_synthetic_traffic.py::TestSyntheticTraffic::test_generate_evidence_type_b PASSED [ 18%]
tests/operational/test_synthetic_traffic.py::TestSyntheticTraffic::test_generate_evidence_type_e PASSED [ 18%]
tests/operational/test_synthetic_traffic.py::TestSyntheticTraffic::test_generate_request_structure PASSED [ 18%]
tests/operational/test_synthetic_traffic.py::TestSyntheticTraffic::test_request_id_format PASSED [ 19%]
tests/paths/test_paths_no_absolutes.py::test_no_absolute_unix_paths PASSED [ 19%]
tests/paths/test_paths_no_absolutes.py::test_no_absolute_windows_paths PASSED [ 19%]
tests/paths/test_paths_no_absolutes.py::test_no_syspath_manipulation PASSED [ 19%]
tests/paths/test_paths_no_absolutes.py::test_prefer_pathlib_over_os_path PASSED [ 19%]
tests/paths/test_paths_no_absolutes.py::test_hardcoded_temp_dirs PASSED  [ 19%]
tests/paths/test_paths_utils.py::TestProjectRoots::test_proj_root_returns_path PASSED [ 20%]
tests/paths/test_paths_utils.py::TestProjectRoots::test_proj_root_has_pyproject_toml PASSED [ 20%]
tests/paths/test_paths_utils.py::TestProjectRoots::test_src_dir_exists PASSED [ 20%]
tests/paths/test_paths_utils.py::TestProjectRoots::test_constants_match_functions PASSED [ 20%]
tests/paths/test_paths_utils.py::TestDirectoryCreation::test_data_dir_creates_if_missing PASSED [ 20%]
tests/paths/test_paths_utils.py::TestDirectoryCreation::test_tmp_dir_creates_if_missing PASSED [ 20%]
tests/paths/test_paths_utils.py::TestDirectoryCreation::test_build_dir_creates_if_missing PASSED [ 21%]
tests/paths/test_paths_utils.py::TestDirectoryCreation::test_cache_dir_under_build PASSED [ 21%]
tests/paths/test_paths_utils.py::TestDirectoryCreation::test_reports_dir_under_build PASSED [ 21%]
tests/paths/test_paths_utils.py::TestIsWithin::test_direct_child PASSED  [ 21%]
tests/paths/test_paths_utils.py::TestIsWithin::test_nested_child PASSED  [ 21%]
tests/paths/test_paths_utils.py::TestIsWithin::test_sibling_not_within PASSED [ 21%]
tests/paths/test_paths_utils.py::TestIsWithin::test_parent_not_within_child PASSED [ 22%]
tests/paths/test_paths_utils.py::TestIsWithin::test_outside_not_within PASSED [ 22%]
tests/paths/test_paths_utils.py::TestSafeJoin::test_simple_join PASSED   [ 22%]
tests/paths/test_paths_utils.py::TestSafeJoin::test_blocks_traversal_up PASSED [ 22%]
tests/paths/test_paths_utils.py::TestSafeJoin::test_blocks_traversal_nested PASSED [ 22%]
tests/paths/test_paths_utils.py::TestSafeJoin::test_allows_internal_traversal PASSED [ 22%]
tests/paths/test_paths_utils.py::TestSafeJoin::test_absolute_component_blocked PASSED [ 23%]
tests/paths/test_paths_utils.py::TestNormalizeUnicode::test_nfc_normalization PASSED [ 23%]
tests/paths/test_paths_utils.py::TestNormalizeUnicode::test_preserves_ascii PASSED [ 23%]
tests/paths/test_paths_utils.py::TestValidateReadPath::test_validates_existing_file PASSED [ 23%]
tests/paths/test_paths_utils.py::TestValidateReadPath::test_rejects_nonexistent PASSED [ 23%]
tests/paths/test_paths_utils.py::TestValidateWritePath::test_allows_build_dir PASSED [ 23%]
tests/paths/test_paths_utils.py::TestValidateWritePath::test_allows_tmp_dir PASSED [ 24%]
tests/paths/test_paths_utils.py::TestValidateWritePath::test_blocks_src_tree PASSED [ 24%]
tests/paths/test_paths_utils.py::TestValidateWritePath::test_allows_src_tree_with_flag PASSED [ 24%]
tests/paths/test_paths_utils.py::TestValidateWritePath::test_blocks_outside_workspace PASSED [ 24%]
tests/paths/test_paths_utils.py::TestIntegration::test_create_file_in_tmp PASSED [ 24%]
tests/paths/test_paths_utils.py::TestIntegration::test_safe_join_with_validation PASSED [ 25%]
tests/paths/test_paths_workspace_bounds.py::TestTraversalProtection::test_blocks_direct_parent_traversal PASSED [ 25%]
tests/paths/test_paths_workspace_bounds.py::TestTraversalProtection::test_blocks_nested_traversal PASSED [ 25%]
tests/paths/test_paths_workspace_bounds.py::TestTraversalProtection::test_allows_safe_relative_paths PASSED [ 25%]
tests/paths/test_paths_workspace_bounds.py::TestTraversalProtection::test_allows_internal_parent_ref PASSED [ 25%]
tests/paths/test_paths_workspace_bounds.py::TestTraversalProtection::test_symlink_traversal_protection PASSED [ 25%]
tests/paths/test_paths_workspace_bounds.py::TestTraversalProtection::test_url_encoded_traversal_blocked PASSED [ 26%]
tests/paths/test_paths_workspace_bounds.py::TestWorkspaceBoundaries::test_src_within_workspace PASSED [ 26%]
tests/paths/test_paths_workspace_bounds.py::TestWorkspaceBoundaries::test_temp_within_workspace PASSED [ 26%]
tests/paths/test_paths_workspace_bounds.py::TestWorkspaceBoundaries::test_absolute_outside_rejected PASSED [ 26%]
tests/paths/test_paths_workspace_bounds.py::TestWorkspaceBoundaries::test_write_outside_workspace_blocked PASSED [ 26%]
tests/paths/test_paths_workspace_bounds.py::TestWorkspaceBoundaries::test_relative_path_resolution PASSED [ 26%]
tests/paths/test_paths_workspace_bounds.py::TestEdgeCases::test_empty_path_component PASSED [ 27%]
tests/paths/test_paths_workspace_bounds.py::TestEdgeCases::test_current_dir_component PASSED [ 27%]
tests/paths/test_paths_workspace_bounds.py::TestEdgeCases::test_multiple_slashes PASSED [ 27%]
tests/paths/test_paths_workspace_bounds.py::TestEdgeCases::test_unicode_in_paths PASSED [ 27%]
tests/paths/test_paths_workspace_bounds.py::TestEdgeCases::test_very_long_path PASSED [ 27%]
tests/paths/test_paths_workspace_bounds.py::TestRealWorldScenarios::test_user_provided_filename PASSED [ 27%]
tests/paths/test_paths_workspace_bounds.py::TestRealWorldScenarios::test_safe_user_filename PASSED [ 28%]
tests/paths/test_paths_workspace_bounds.py::TestRealWorldScenarios::test_nested_user_path PASSED [ 28%]
tests/paths/test_paths_workspace_bounds.py::TestRealWorldScenarios::test_reject_absolute_from_user PASSED [ 28%]
tests/test_aggregation.py::TestDimensionAggregator::test_initialization PASSED [ 28%]
tests/test_aggregation.py::TestDimensionAggregator::test_validate_weights_success PASSED [ 28%]
tests/test_aggregation.py::TestDimensionAggregator::test_validate_weights_not_sum_to_one PASSED [ 28%]
tests/test_aggregation.py::TestDimensionAggregator::test_validate_weights_negative XFAIL [ 29%]
tests/test_aggregation.py::TestDimensionAggregator::test_validate_coverage_complete FAILED [ 29%]
tests/test_aggregation.py::TestDimensionAggregator::test_validate_coverage_incomplete FAILED [ 29%]
tests/test_aggregation.py::TestDimensionAggregator::test_calculate_weighted_average FAILED [ 29%]
tests/test_aggregation.py::TestDimensionAggregator::test_apply_rubric_thresholds FAILED [ 29%]
tests/test_aggregation.py::TestDimensionAggregator::test_aggregate_dimension_success PASSED [ 29%]
tests/test_aggregation.py::TestDimensionAggregator::test_aggregate_dimension_deterministic PASSED [ 30%]
tests/test_aggregation.py::TestAreaPolicyAggregator::test_initialization FAILED [ 30%]
tests/test_aggregation.py::TestAreaPolicyAggregator::test_validate_hermeticity_complete FAILED [ 30%]
tests/test_aggregation.py::TestAreaPolicyAggregator::test_normalize_scores ERROR [ 30%]
tests/test_aggregation.py::TestAreaPolicyAggregator::test_aggregate_area_success ERROR [ 30%]
tests/test_aggregation.py::TestClusterAggregator::test_initialization FAILED [ 30%]
tests/test_aggregation.py::TestClusterAggregator::test_validate_cluster_hermeticity FAILED [ 31%]
tests/test_aggregation.py::TestMacroAggregator::test_initialization PASSED [ 31%]
tests/test_aggregation.py::TestMacroAggregator::test_calculate_cross_cutting_coherence FAILED [ 31%]
tests/test_aggregation.py::TestAggregationPipeline::test_dimension_to_area_pipeline FAILED [ 31%]
tests/test_aggregators_optional_monolith.py::test_dimension_aggregator_without_monolith PASSED [ 31%]
tests/test_aggregators_optional_monolith.py::test_area_policy_aggregator_without_monolith PASSED [ 31%]
tests/test_aggregators_optional_monolith.py::test_cluster_aggregator_without_monolith PASSED [ 32%]
tests/test_aggregators_optional_monolith.py::test_macro_aggregator_without_monolith PASSED [ 32%]
tests/test_aggregators_optional_monolith.py::test_aggregators_with_monolith PASSED [ 32%]
tests/test_argrouter_optional_backends.py::test_class_registry_without_torch FAILED [ 32%]
tests/test_argrouter_optional_backends.py::test_arg_router_can_be_created FAILED [ 32%]
tests/test_argrouter_optional_backends.py::test_arg_router_has_methods FAILED [ 32%]
tests/test_boundaries.py::test_core_modules_import_cleanly[farfan_core.core.aggregation] PASSED [ 33%]
tests/test_boundaries.py::test_core_modules_import_cleanly[farfan_core.core.calibration.chain_layer] PASSED [ 33%]
tests/test_boundaries.py::test_core_modules_import_cleanly[farfan_core.core.calibration.choquet_aggregator] PASSED [ 33%]
tests/test_boundaries.py::test_core_modules_import_cleanly[farfan_core.core.calibration.compatibility] PASSED [ 33%]
tests/test_boundaries.py::test_core_modules_import_cleanly[farfan_core.core.calibration.config] PASSED [ 33%]
tests/test_boundaries.py::test_core_modules_import_cleanly[farfan_core.core.calibration.congruence_layer] PASSED [ 33%]
tests/test_boundaries.py::test_core_modules_import_cleanly[farfan_core.core.calibration.data_structures] PASSED [ 34%]
tests/test_boundaries.py::test_core_modules_import_cleanly[farfan_core.core.calibration.intrinsic_loader] PASSED [ 34%]
tests/test_boundaries.py::test_core_modules_import_cleanly[farfan_core.core.calibration.layer_requirements] PASSED [ 34%]
tests/test_boundaries.py::test_core_modules_import_cleanly[farfan_core.core.calibration.meta_layer] PASSED [ 34%]
tests/test_boundaries.py::test_core_modules_import_cleanly[farfan_core.core.calibration.orchestrator] PASSED [ 34%]
tests/test_boundaries.py::test_core_modules_import_cleanly[farfan_core.core.calibration.pdt_structure] PASSED [ 34%]
tests/test_boundaries.py::test_core_modules_import_cleanly[farfan_core.core.calibration.unit_layer] PASSED [ 35%]
tests/test_boundaries.py::test_core_modules_import_cleanly[farfan_core.core.canonical_notation] PASSED [ 35%]
tests/test_boundaries.py::test_core_modules_import_cleanly[farfan_core.core.contracts] PASSED [ 35%]
tests/test_boundaries.py::test_core_modules_import_cleanly[farfan_core.core.dependency_lockdown] PASSED [ 35%]
tests/test_boundaries.py::test_core_modules_import_cleanly[farfan_core.core.layer_coexistence] PASSED [ 35%]
tests/test_boundaries.py::test_core_modules_import_cleanly[farfan_core.core.layer_influence_model] PASSED [ 35%]
tests/test_boundaries.py::test_core_modules_import_cleanly[farfan_core.core.ports] PASSED [ 36%]
tests/test_boundaries.py::test_core_modules_import_cleanly[farfan_core.core.wiring.bootstrap] FAILED [ 36%]
tests/test_boundaries.py::test_core_modules_import_cleanly[farfan_core.core.wiring.contracts] FAILED [ 36%]
tests/test_boundaries.py::test_core_modules_import_cleanly[farfan_core.core.wiring.errors] PASSED [ 36%]
tests/test_boundaries.py::test_core_modules_import_cleanly[farfan_core.core.wiring.feature_flags] PASSED [ 36%]
tests/test_boundaries.py::test_core_modules_import_cleanly[farfan_core.core.wiring.observability] FAILED [ 36%]
tests/test_boundaries.py::test_core_modules_import_cleanly[farfan_core.core.wiring.validation] FAILED [ 37%]
tests/test_boundaries.py::test_pure_modules_have_no_main_blocks[farfan_core.processing.embedding_policy-path0] PASSED [ 37%]
tests/test_boundaries.py::test_ast_scanner_reports_io_usage[farfan_core.analysis.Analyzer_one-path0] SKIPPED 1485, 1575, 1591, 1607]. Track
migrations before flipping this test to strict mode.)                    [ 37%]
tests/test_boundaries.py::test_ast_scanner_reports_io_usage[farfan_core.analysis.contradiction_deteccion-path1] PASSED [ 37%]
tests/test_boundaries.py::test_ast_scanner_reports_io_usage[farfan_core.analysis.dereck_beach-path2] SKIPPED4586, 4586, 4587, 4689, 4689, 4690,
5002, 5013]. Track migrations before flipping this test to strict mode.) [ 37%]
tests/test_boundaries.py::test_ast_scanner_reports_io_usage[farfan_core.analysis.financiero_viabilidad_tablas-path3] PASSED [ 37%]
tests/test_boundaries.py::test_ast_scanner_reports_io_usage[farfan_core.analysis.teoria_cambio-path4] PASSED [ 38%]
tests/test_boundaries.py::test_ast_scanner_reports_io_usage[farfan_core.processing.embedding_policy-path5] PASSED [ 38%]
tests/test_boundaries.py::test_ast_scanner_reports_io_usage[farfan_core.processing.semantic_chunking_policy-path6] SKIPPEDtest to strict mode.) [ 38%]
tests/test_boundaries.py::test_import_linter_layer_contract SKIPPED      [ 38%]
tests/test_boundaries.py::test_boundary_scanner_tool_exists PASSED       [ 38%]
tests/test_calibration_system.py::TestConfigValidation::test_config_files_exist_and_valid FAILED [ 38%]
tests/test_calibration_system.py::TestConfigValidation::test_intrinsic_calibration_structure FAILED [ 39%]
tests/test_calibration_system.py::TestConfigValidation::test_contextual_parametrization_structure FAILED [ 39%]
tests/test_calibration_system.py::TestConfigValidation::test_fusion_specification_structure FAILED [ 39%]
tests/test_calibration_system.py::TestDataStructures::test_context_creation PASSED [ 39%]
tests/test_calibration_system.py::TestDataStructures::test_context_validation PASSED [ 39%]
tests/test_calibration_system.py::TestDataStructures::test_computation_graph_dag_validation PASSED [ 39%]
tests/test_calibration_system.py::TestLayerComputation::test_base_layer_computation ERROR [ 40%]
tests/test_calibration_system.py::TestLayerComputation::test_chain_layer_computation ERROR [ 40%]
tests/test_calibration_system.py::TestLayerComputation::test_unit_layer_computation ERROR [ 40%]
tests/test_calibration_system.py::TestCalibrationEngine::test_calibrate_basic FAILED [ 40%]
tests/test_calibration_system.py::TestCalibrationEngine::test_certificate_structure FAILED [ 40%]
tests/test_calibration_system.py::TestCalibrationEngine::test_fusion_formula_structure FAILED [ 40%]
tests/test_calibration_system.py::TestCalibrationEngine::test_determinism FAILED [ 41%]
tests/test_calibration_system.py::TestCalibrationEngine::test_boundedness_property FAILED [ 41%]
tests/test_calibration_system.py::TestValidators::test_fusion_weight_validation PASSED [ 41%]
tests/test_calibration_system.py::TestValidators::test_boundedness_validation PASSED [ 41%]
tests/test_canonical_method_catalog.py::TestDirectiveCompliance::test_universal_coverage_flag PASSED [ 41%]
tests/test_canonical_method_catalog.py::TestDirectiveCompliance::test_no_filters_applied_flag PASSED [ 41%]
tests/test_canonical_method_catalog.py::TestDirectiveCompliance::test_machine_readable_flags PASSED [ 42%]
tests/test_canonical_method_catalog.py::TestDirectiveCompliance::test_single_canonical_source PASSED [ 42%]
tests/test_canonical_method_catalog.py::TestDirectiveCompliance::test_catalog_not_empty PASSED [ 42%]
tests/test_canonical_method_catalog.py::TestMethodMetadata::test_all_methods_have_unique_id PASSED [ 42%]
tests/test_canonical_method_catalog.py::TestMethodMetadata::test_unique_ids_are_unique PASSED [ 42%]
tests/test_canonical_method_catalog.py::TestMethodMetadata::test_all_methods_have_canonical_name PASSED [ 42%]
tests/test_canonical_method_catalog.py::TestMethodMetadata::test_all_methods_have_layer PASSED [ 43%]
tests/test_canonical_method_catalog.py::TestMethodMetadata::test_all_methods_have_file_path PASSED [ 43%]
tests/test_canonical_method_catalog.py::TestCalibrationTracking::test_all_methods_have_calibration_flag PASSED [ 43%]
tests/test_canonical_method_catalog.py::TestCalibrationTracking::test_all_methods_have_calibration_status PASSED [ 43%]
tests/test_canonical_method_catalog.py::TestCalibrationTracking::test_calibration_status_consistency PASSED [ 43%]
tests/test_canonical_method_catalog.py::TestCalibrationTracking::test_centralized_calibrations_reference_registry PASSED [ 43%]
tests/test_canonical_method_catalog.py::TestCalibrationTracking::test_embedded_calibrations_have_location PASSED [ 44%]
tests/test_canonical_method_catalog.py::TestMigrationBacklog::test_embedded_count_matches_appendix FAILED [ 44%]
tests/test_canonical_method_catalog.py::TestMigrationBacklog::test_embedded_calibrations_have_migration_metadata PASSED [ 44%]
tests/test_canonical_method_catalog.py::TestMigrationBacklog::test_critical_priority_exists_in_appendix SKIPPED [ 44%]
tests/test_canonical_method_catalog.py::TestLayerClassification::test_layer_counts_match_methods PASSED [ 44%]
tests/test_canonical_method_catalog.py::TestLayerClassification::test_layer_values_are_valid PASSED [ 44%]
tests/test_canonical_method_catalog.py::TestLayerClassification::test_unknown_layer_percentage PASSED [ 45%]
tests/test_canonical_method_catalog.py::TestSummaryConsistency::test_total_methods_consistency PASSED [ 45%]
tests/test_canonical_method_catalog.py::TestSummaryConsistency::test_calibration_status_counts PASSED [ 45%]
tests/test_canonical_method_catalog.py::TestSummaryConsistency::test_layer_counts_sum PASSED [ 45%]
tests/test_canonical_method_catalog.py::TestCalibrationCoverage::test_requires_calibration_count PASSED [ 45%]
tests/test_canonical_method_catalog.py::TestCalibrationCoverage::test_centralized_count PASSED [ 45%]
tests/test_canonical_method_catalog.py::TestCalibrationCoverage::test_migration_needed_calculation PASSED [ 46%]
tests/test_canonical_method_catalog.py::TestIntegrationWithCalibrationRegistry::test_centralized_methods_exist_in_registry FAILED [ 46%]
tests/test_canonical_method_catalog.py::TestMethodProperties::test_all_methods_have_source_hash PASSED [ 46%]
tests/test_canonical_method_catalog.py::TestMethodProperties::test_all_methods_have_timestamp PASSED [ 46%]
tests/test_canonical_method_catalog.py::TestMethodProperties::test_signature_format PASSED [ 46%]
tests/test_circuit_breaker_async.py::test_circuit_breaker_increment_failures FAILED [ 46%]
tests/test_circuit_breaker_async.py::test_circuit_breaker_concurrent_increments FAILED [ 47%]
tests/test_circuit_breaker_async.py::test_circuit_breaker_reset FAILED   [ 47%]
tests/test_circuit_breaker_async.py::test_circuit_breaker_race_condition FAILED [ 47%]
tests/test_class_registry_paths.py::test_class_registry_paths_have_farfan_core_prefix SKIPPED [ 47%]
tests/test_class_registry_paths.py::test_class_registry_has_all_expected_classes SKIPPED [ 47%]
tests/test_class_registry_paths.py::test_class_registry_paths_match_expected_modules SKIPPED [ 47%]
tests/test_class_registry_paths.py::test_class_registry_import_structure SKIPPED [ 48%]
tests/test_class_registry_paths.py::test_semantic_chunker_alias SKIPPED  [ 48%]
tests/test_concurrency.py::TestWorkerPoolBasics::test_context_manager PASSED [ 48%]
tests/test_concurrency.py::TestWorkerPoolBasics::test_multiple_tasks PASSED [ 48%]
tests/test_concurrency.py::TestWorkerPoolBasics::test_pool_initialization PASSED [ 48%]
tests/test_concurrency.py::TestWorkerPoolBasics::test_simple_task_submission PASSED [ 48%]
tests/test_concurrency.py::TestWorkerPoolRetry::test_exponential_backoff PASSED [ 49%]
tests/test_concurrency.py::TestWorkerPoolRetry::test_successful_task_no_retry PASSED [ 49%]
tests/test_concurrency.py::TestWorkerPoolRetry::test_task_fails_after_max_retries PASSED [ 49%]
tests/test_concurrency.py::TestWorkerPoolRetry::test_task_retry_on_failure PASSED [ 49%]
tests/test_concurrency.py::TestWorkerPoolAbort::test_abort_pending_tasks PASSED [ 49%]
tests/test_concurrency.py::TestWorkerPoolMetrics::test_summary_metrics FAILED [ 50%]
tests/test_concurrency.py::TestWorkerPoolMetrics::test_task_metrics_collection PASSED [ 50%]
tests/test_concurrency.py::TestWorkerPoolThreadSafety::test_concurrent_submissions PASSED [ 50%]
tests/test_concurrency.py::TestWorkerPoolThreadSafety::test_no_race_conditions_in_metrics PASSED [ 50%]
tests/test_concurrency.py::TestWorkerPoolDeterminism::test_consistent_results PASSED [ 50%]
tests/test_concurrency.py::TestWorkerPoolDeterminism::test_task_execution_order_within_constraints PASSED [ 50%]
tests/test_contracts_comprehensive.py::TestScoringContracts::test_scoring_precondition_evidence_dict FAILED [ 51%]
tests/test_contracts_comprehensive.py::TestScoringContracts::test_scoring_postcondition_score_range FAILED [ 51%]
tests/test_contracts_comprehensive.py::TestScoringContracts::test_scoring_invariant_determinism FAILED [ 51%]
tests/test_contracts_comprehensive.py::TestAggregationContracts::test_dimension_aggregator_precondition_monolith FAILED [ 51%]
tests/test_contracts_comprehensive.py::TestAggregationContracts::test_dimension_aggregator_postcondition_score_range FAILED [ 51%]
tests/test_contracts_comprehensive.py::TestAggregationContracts::test_aggregation_invariant_weights_sum_to_one FAILED [ 51%]
tests/test_contracts_comprehensive.py::TestConcurrencyContracts::test_worker_pool_precondition_max_workers FAILED [ 52%]
tests/test_contracts_comprehensive.py::TestConcurrencyContracts::test_worker_pool_postcondition_result_type FAILED [ 52%]
tests/test_contracts_comprehensive.py::TestConcurrencyContracts::test_worker_pool_invariant_determinism FAILED [ 52%]
tests/test_contracts_comprehensive.py::TestSeedFactoryContracts::test_seed_factory_precondition_correlation_id FAILED [ 52%]
tests/test_contracts_comprehensive.py::TestSeedFactoryContracts::test_seed_factory_postcondition_range FAILED [ 52%]
tests/test_contracts_comprehensive.py::TestSeedFactoryContracts::test_seed_factory_invariant_determinism FAILED [ 52%]
tests/test_contracts_comprehensive.py::TestRecommendationEngineContracts::test_recommendation_precondition_rules_schema PASSED [ 53%]
tests/test_contracts_comprehensive.py::TestRecommendationEngineContracts::test_recommendation_postcondition_output_structure PASSED [ 53%]
tests/test_contracts_comprehensive.py::TestInterModuleContracts::test_scoring_to_aggregation_contract FAILED [ 53%]
tests/test_core_expected_counts.py::test_expected_counts_default SKIPPED [ 53%]
tests/test_core_expected_counts.py::test_expected_counts_custom SKIPPED  [ 53%]
tests/test_core_expected_counts.py::test_phase_timeout_default SKIPPED   [ 53%]
tests/test_core_expected_counts.py::test_phase_timeout_custom SKIPPED    [ 54%]
tests/test_core_monolith_hash.py::test_monolith_hash_reproducibility SKIPPED [ 54%]
tests/test_core_monolith_hash.py::test_monolith_hash_changes_with_mutation SKIPPED [ 54%]
tests/test_core_monolith_hash.py::test_monolith_hash_key_order_independent SKIPPED [ 54%]
tests/test_cpp_adapter_no_arrow.py::test_cpp_adapter_import_without_arrow FAILED [ 54%]
tests/test_cpp_adapter_no_arrow.py::test_cpp_adapter_has_methods FAILED  [ 54%]
tests/test_cpp_adapter_no_arrow.py::test_cpp_adapter_metrics FAILED      [ 55%]
tests/test_defensive_signatures.py::TestDefensiveSignatures::test_is_likely_header_with_unexpected_kwargs SKIPPED [ 55%]
tests/test_defensive_signatures.py::TestDefensiveSignatures::test_is_likely_header_signature_accepts_kwargs SKIPPED [ 55%]
tests/test_defensive_signatures.py::TestDefensiveSignatures::test_analyze_causal_dimensions_signature_optional_sentences SKIPPED [ 55%]
tests/test_defensive_signatures.py::TestDefensiveSignatures::test_bayesian_mechanism_inference_init_accepts_kwargs FAILED [ 55%]
tests/test_defensive_signatures.py::TestDefensiveSignatures::test_defensive_warning_logging SKIPPED [ 55%]
tests/test_defensive_signatures.py::TestSignatureDocumentation::test_is_likely_header_docstring_mentions_kwargs SKIPPED [ 56%]
tests/test_defensive_signatures.py::TestSignatureDocumentation::test_analyze_causal_dimensions_docstring_explains_optional SKIPPED [ 56%]
tests/test_defensive_signatures.py::TestSignatureDocumentation::test_bayesian_init_docstring_mentions_kwargs FAILED [ 56%]
tests/test_dependency_lockdown.py::TestDependencyLockdown::test_offline_mode_default PASSED [ 56%]
tests/test_dependency_lockdown.py::TestDependencyLockdown::test_offline_mode_explicit_zero PASSED [ 56%]
tests/test_dependency_lockdown.py::TestDependencyLockdown::test_online_mode_enabled PASSED [ 56%]
tests/test_dependency_lockdown.py::TestDependencyLockdown::test_check_online_model_access_offline_raises PASSED [ 57%]
tests/test_dependency_lockdown.py::TestDependencyLockdown::test_check_online_model_access_online_succeeds PASSED [ 57%]
tests/test_dependency_lockdown.py::TestDependencyLockdown::test_check_critical_dependency_missing_raises PASSED [ 57%]
tests/test_dependency_lockdown.py::TestDependencyLockdown::test_check_critical_dependency_present_succeeds PASSED [ 57%]
tests/test_dependency_lockdown.py::TestDependencyLockdown::test_check_optional_dependency_missing_returns_false PASSED [ 57%]
tests/test_dependency_lockdown.py::TestDependencyLockdown::test_check_optional_dependency_present_returns_true PASSED [ 57%]
tests/test_dependency_lockdown.py::TestDependencyLockdown::test_get_mode_description PASSED [ 58%]
tests/test_dependency_lockdown.py::TestDependencyLockdown::test_singleton_get_dependency_lockdown PASSED [ 58%]
tests/test_dependency_lockdown.py::TestDependencyLockdown::test_reset_dependency_lockdown PASSED [ 58%]
tests/test_dependency_lockdown.py::TestEmbeddingPolicyIntegration::test_embedding_model_init_offline_no_cache_raises PASSED [ 58%]
tests/test_dependency_lockdown.py::TestEmbeddingPolicyIntegration::test_cross_encoder_init_offline_no_cache_raises PASSED [ 58%]
tests/test_dependency_lockdown.py::TestOrchestratorIntegration::test_orchestrator_initializes_lockdown FAILED [ 58%]
tests/test_dependency_lockdown.py::TestOrchestratorIntegration::test_orchestrator_respects_hf_online FAILED [ 59%]
tests/test_dependency_management.py::TestDependencyManagement::test_requirements_files_exist PASSED [ 59%]
tests/test_dependency_management.py::TestDependencyManagement::test_dependency_scripts_exist PASSED [ 59%]
tests/test_dependency_management.py::TestDependencyManagement::test_documentation_exists PASSED [ 59%]
tests/test_dependency_management.py::TestDependencyManagement::test_core_requirements_version_constraints PASSED [ 59%]
tests/test_dependency_management.py::TestDependencyManagement::test_audit_script_runs PASSED [ 59%]
tests/test_dependency_management.py::TestDependencyManagement::test_version_pin_checker PASSED [ 60%]
tests/test_dependency_management.py::TestDependencyManagement::test_requirements_files_well_formed PASSED [ 60%]
tests/test_dependency_management.py::TestDependencyManagement::test_makefile_has_dependency_targets FAILED [ 60%]
tests/test_dependency_management.py::TestDependencyManagement::test_ci_workflow_exists FAILED [ 60%]
tests/test_dependency_management.py::TestDependencyManagement::test_dependencies_audit_md_structure PASSED [ 60%]
tests/test_dependency_management.py::TestDependencyScripts::test_generate_dependency_files_idempotent PASSED [ 60%]
tests/test_dependency_management.py::TestDependencyScripts::test_compare_freeze_lock_detects_differences PASSED [ 61%]
tests/test_dependency_management.py::TestDependencyScripts::test_compare_freeze_lock_passes_when_equal PASSED [ 61%]
tests/test_executor_config_cli.py::test_executor_config_has_from_cli FAILED [ 61%]
tests/test_executor_config_cli.py::test_executor_config_from_cli_without_app FAILED [ 61%]
tests/test_executor_config_cli.py::test_executor_config_from_cli_args FAILED [ 61%]
tests/test_executor_config_cli.py::test_executor_config_describe FAILED  [ 61%]
tests/test_executor_config_cli.py::test_executor_config_from_env FAILED  [ 62%]
tests/test_executor_logging.py::test_executor_logging_structure SKIPPED  [ 62%]
tests/test_executor_logging.py::test_executor_logging_keys_present SKIPPED [ 62%]
tests/test_gold_canario_meso_reporting.py::TestAnalyzePolicyDispersion::test_concentrated_dispersion PASSED [ 62%]
tests/test_gold_canario_meso_reporting.py::TestAnalyzePolicyDispersion::test_dispersed_scores PASSED [ 62%]
tests/test_gold_canario_meso_reporting.py::TestAnalyzePolicyDispersion::test_critical_dispersion PASSED [ 62%]
tests/test_gold_canario_meso_reporting.py::TestAnalyzePolicyDispersion::test_gini_calculation PASSED [ 63%]
tests/test_gold_canario_meso_reporting.py::TestAnalyzePolicyDispersion::test_normalization_projection PASSED [ 63%]
tests/test_gold_canario_meso_reporting.py::TestAnalyzePolicyDispersion::test_empty_policy_scores PASSED [ 63%]
tests/test_gold_canario_meso_reporting.py::TestAnalyzePolicyDispersion::test_single_policy_score PASSED [ 63%]
tests/test_gold_canario_meso_reporting.py::TestReconcileCrossMetrics::test_perfect_reconciliation PASSED [ 63%]
tests/test_gold_canario_meso_reporting.py::TestReconcileCrossMetrics::test_unit_mismatch PASSED [ 63%]
tests/test_gold_canario_meso_reporting.py::TestReconcileCrossMetrics::test_unit_conversion FAILED [ 64%]
tests/test_gold_canario_meso_reporting.py::TestReconcileCrossMetrics::test_stale_period PASSED [ 64%]
tests/test_gold_canario_meso_reporting.py::TestReconcileCrossMetrics::test_entity_misalignment PASSED [ 64%]
tests/test_gold_canario_meso_reporting.py::TestReconcileCrossMetrics::test_out_of_range PASSED [ 64%]
tests/test_gold_canario_meso_reporting.py::TestReconcileCrossMetrics::test_multiple_metrics_mixed_violations PASSED [ 64%]
tests/test_gold_canario_meso_reporting.py::TestComposeClusterPosterior::test_simple_composition PASSED [ 64%]
tests/test_gold_canario_meso_reporting.py::TestComposeClusterPosterior::test_weighted_composition FAILED [ 65%]
tests/test_gold_canario_meso_reporting.py::TestComposeClusterPosterior::test_penalty_application PASSED [ 65%]
tests/test_gold_canario_meso_reporting.py::TestComposeClusterPosterior::test_high_variance_posteriors PASSED [ 65%]
tests/test_gold_canario_meso_reporting.py::TestComposeClusterPosterior::test_uniform_posteriors PASSED [ 65%]
tests/test_gold_canario_meso_reporting.py::TestComposeClusterPosterior::test_empty_posteriors_raises_error PASSED [ 65%]
tests/test_gold_canario_meso_reporting.py::TestComposeClusterPosterior::test_weight_mismatch_raises_error PASSED [ 65%]
tests/test_gold_canario_meso_reporting.py::TestComposeClusterPosterior::test_negative_weights_raise_error PASSED [ 66%]
tests/test_gold_canario_meso_reporting.py::TestComposeClusterPosterior::test_extreme_penalties PASSED [ 66%]
tests/test_gold_canario_meso_reporting.py::TestCalibrateAgainstPeers::test_all_within_iqr FAILED [ 66%]
tests/test_gold_canario_meso_reporting.py::TestCalibrateAgainstPeers::test_above_peer_performance PASSED [ 66%]
tests/test_gold_canario_meso_reporting.py::TestCalibrateAgainstPeers::test_below_peer_performance PASSED [ 66%]
tests/test_gold_canario_meso_reporting.py::TestCalibrateAgainstPeers::test_outlier_detection PASSED [ 66%]
tests/test_gold_canario_meso_reporting.py::TestCalibrateAgainstPeers::test_mixed_performance PASSED [ 67%]
tests/test_gold_canario_meso_reporting.py::TestCalibrateAgainstPeers::test_missing_peer_context PASSED [ 67%]
tests/test_gold_canario_meso_reporting.py::TestCalibrateAgainstPeers::test_empty_policy_scores PASSED [ 67%]
tests/test_gold_canario_meso_reporting.py::TestEdgeCases::test_dispersion_single_high_value PASSED [ 67%]
tests/test_gold_canario_meso_reporting.py::TestEdgeCases::test_compose_all_zero_posteriors PASSED [ 67%]
tests/test_gold_canario_meso_reporting.py::TestEdgeCases::test_compose_all_one_posteriors PASSED [ 67%]
tests/test_gold_canario_meso_reporting.py::TestEdgeCases::test_reconcile_no_macro_reference PASSED [ 68%]
tests/test_gold_canario_meso_reporting.py::TestNarrativeQuality::test_dispersion_narrative_structure PASSED [ 68%]
tests/test_gold_canario_meso_reporting.py::TestNarrativeQuality::test_composition_narrative_mentions_key_concepts PASSED [ 68%]
tests/test_gold_canario_meso_reporting.py::TestNarrativeQuality::test_peer_calibration_narrative_comprehensive PASSED [ 68%]
tests/test_graph_resolution.py::test_create_empty_graph SKIPPED          [ 68%]
tests/test_graph_resolution.py::test_graph_resolution_when_absent SKIPPED [ 68%]
tests/test_graph_resolution.py::test_graph_resolution_when_present SKIPPED [ 69%]
tests/test_graph_resolution.py::test_create_empty_graph_no_networkx SKIPPED [ 69%]
tests/test_import_consistency.py::test_root_level_module_imports FAILED  [ 69%]
tests/test_import_consistency.py::test_root_level_package_imports FAILED [ 69%]
tests/test_import_consistency.py::test_farfan_core_direct_imports FAILED     [ 69%]
tests/test_import_consistency.py::test_import_equivalence PASSED         [ 69%]
tests/test_import_consistency.py::test_executors_lazy_loading FAILED     [ 70%]
tests/test_import_consistency.py::test_all_compatibility_shims FAILED    [ 70%]
tests/test_imports.py::test_core_compatibility_shims SKIPPED (outdated -
use test_import_consistency.py and test_smoke_imports.py)                [ 70%]
tests/test_imports.py::test_core_packages SKIPPED (outdated - use
test_import_consistency.py and test_smoke_imports.py)                    [ 70%]
tests/test_imports.py::test_qmcm_hooks_backward_compatibility SKIPPED    [ 70%]
tests/test_imports.py::test_signature_validator_backward_compatibility SKIPPED [ 70%]
tests/test_imports.py::test_contracts_exports SKIPPED (outdated - use
test_import_consistency.py and test_smoke_imports.py)                    [ 71%]
tests/test_imports.py::test_aggregation_exports SKIPPED (outdated - use
test_import_consistency.py and test_smoke_imports.py)                    [ 71%]
tests/test_infrastructure.py::TestLocalFileAdapter::test_read_write_text PASSED [ 71%]
tests/test_infrastructure.py::TestLocalFileAdapter::test_read_write_bytes PASSED [ 71%]
tests/test_infrastructure.py::TestLocalFileAdapter::test_exists PASSED   [ 71%]
tests/test_infrastructure.py::TestLocalFileAdapter::test_mkdir PASSED    [ 71%]
tests/test_infrastructure.py::TestJsonAdapter::test_loads PASSED         [ 72%]
tests/test_infrastructure.py::TestJsonAdapter::test_dumps PASSED         [ 72%]
tests/test_infrastructure.py::TestJsonAdapter::test_dumps_with_indent PASSED [ 72%]
tests/test_infrastructure.py::TestInMemoryFileAdapter::test_read_write_text PASSED [ 72%]
tests/test_infrastructure.py::TestInMemoryFileAdapter::test_read_write_bytes PASSED [ 72%]
tests/test_infrastructure.py::TestInMemoryFileAdapter::test_file_not_found PASSED [ 72%]
tests/test_infrastructure.py::TestInMemoryFileAdapter::test_exists PASSED [ 73%]
tests/test_infrastructure.py::TestInMemoryFileAdapter::test_mkdir PASSED [ 73%]
tests/test_infrastructure.py::TestSystemEnvAdapter::test_get PASSED      [ 73%]
tests/test_infrastructure.py::TestSystemEnvAdapter::test_get_with_default PASSED [ 73%]
tests/test_infrastructure.py::TestSystemEnvAdapter::test_get_bool PASSED [ 73%]
tests/test_infrastructure.py::TestInMemoryEnvAdapter::test_get_set PASSED [ 73%]
tests/test_infrastructure.py::TestInMemoryEnvAdapter::test_get_required PASSED [ 74%]
tests/test_infrastructure.py::TestInMemoryEnvAdapter::test_get_required_missing PASSED [ 74%]
tests/test_infrastructure.py::TestInMemoryEnvAdapter::test_get_bool PASSED [ 74%]
tests/test_infrastructure.py::TestInMemoryEnvAdapter::test_clear PASSED  [ 74%]
tests/test_infrastructure.py::TestSystemClockAdapter::test_now PASSED    [ 74%]
tests/test_infrastructure.py::TestSystemClockAdapter::test_utcnow PASSED [ 75%]
tests/test_infrastructure.py::TestFrozenClockAdapter::test_frozen_time PASSED [ 75%]
tests/test_infrastructure.py::TestFrozenClockAdapter::test_set_time PASSED [ 75%]
tests/test_infrastructure.py::TestFrozenClockAdapter::test_advance PASSED [ 75%]
tests/test_infrastructure.py::TestStandardLogAdapter::test_log_messages PASSED [ 75%]
tests/test_infrastructure.py::TestInMemoryLogAdapter::test_log_messages PASSED [ 75%]
tests/test_infrastructure.py::TestInMemoryLogAdapter::test_get_messages_by_level PASSED [ 76%]
tests/test_infrastructure.py::TestInMemoryLogAdapter::test_clear PASSED  [ 76%]
tests/test_method_config_loader.py::TestMethodConfigLoaderSecurity::test_no_eval_injection PASSED [ 76%]
tests/test_method_config_loader.py::TestMethodConfigLoaderSecurity::test_ast_literal_eval_used PASSED [ 76%]
tests/test_method_config_loader.py::TestMethodConfigLoaderSchemaValidation::test_missing_required_keys PASSED [ 76%]
tests/test_method_config_loader.py::TestMethodConfigLoaderSchemaValidation::test_valid_schema_loads PASSED [ 76%]
tests/test_method_config_loader.py::TestMethodConfigLoaderRangeParsing::test_parse_range_inclusive PASSED [ 77%]
tests/test_method_config_loader.py::TestMethodConfigLoaderRangeParsing::test_parse_range_integer PASSED [ 77%]
tests/test_method_config_loader.py::TestMethodConfigLoaderRangeParsing::test_parse_range_exclusive PASSED [ 77%]
tests/test_method_config_loader.py::TestMethodConfigLoaderRangeParsing::test_parse_range_multiple_modifiers PASSED [ 77%]
tests/test_method_config_loader.py::TestMethodConfigLoaderRangeParsing::test_parse_range_invalid PASSED [ 77%]
tests/test_method_config_loader.py::TestMethodConfigLoaderSetParsing::test_parse_set_from_list PASSED [ 77%]
tests/test_method_config_loader.py::TestMethodConfigLoaderSetParsing::test_parse_set_from_string PASSED [ 78%]
tests/test_method_config_loader.py::TestMethodConfigLoaderSetParsing::test_parse_set_invalid PASSED [ 78%]
tests/test_method_config_loader.py::TestMethodConfigLoaderFunctionality::test_get_method_parameter PASSED [ 78%]
tests/test_method_config_loader.py::TestMethodConfigLoaderFunctionality::test_get_method_parameter_with_override PASSED [ 78%]
tests/test_method_config_loader.py::TestMethodConfigLoaderFunctionality::test_validate_parameter_range PASSED [ 78%]
tests/test_method_config_loader.py::TestMethodConfigLoaderFunctionality::test_validate_parameter_set PASSED [ 78%]
tests/test_method_config_loader_integration.py::TestMethodConfigLoaderIntegration::test_semantic_analyzer_with_config_loader PASSED [ 79%]
tests/test_method_config_loader_integration.py::TestMethodConfigLoaderIntegration::test_semantic_analyzer_without_config_loader PASSED [ 79%]
tests/test_method_config_loader_integration.py::TestMethodConfigLoaderIntegration::test_semantic_analyzer_with_overrides PASSED [ 79%]
tests/test_metrics_thread_safety.py::test_metrics_record_execution_thread_safe FAILED [ 79%]
tests/test_metrics_thread_safety.py::test_metrics_record_quantum_optimization_thread_safe FAILED [ 79%]
tests/test_metrics_thread_safety.py::test_metrics_record_meta_learner_selection_thread_safe FAILED [ 79%]
tests/test_metrics_thread_safety.py::test_metrics_concurrent_mixed_operations FAILED [ 80%]
tests/test_phase_timeout.py::test_phase_timeout_raises_on_timeout FAILED [ 80%]
tests/test_phase_timeout.py::test_phase_timeout_succeeds_within_timeout FAILED [ 80%]
tests/test_phase_timeout.py::test_phase_timeout_default_value FAILED     [ 80%]
tests/test_phase_timeout.py::test_phase_timeout_with_cancellation FAILED [ 80%]
tests/test_phase_timeout.py::test_phase_timeout_with_exception FAILED    [ 80%]
tests/test_phase_timeout.py::test_phase_timeout_logs_completion_time FAILED [ 81%]
tests/test_problem_statement_verification.py::test_execute_phase_with_timeout_exists FAILED [ 81%]
tests/test_problem_statement_verification.py::test_execute_phase_with_timeout_signature FAILED [ 81%]
tests/test_problem_statement_verification.py::test_phase_timeout_error_exists FAILED [ 81%]
tests/test_problem_statement_verification.py::test_phase_timeout_default_constant FAILED [ 81%]
tests/test_problem_statement_verification.py::test_execute_phase_with_timeout_legacy_signature FAILED [ 81%]
tests/test_problem_statement_verification.py::test_mappingproxy_normalization_exists FAILED [ 82%]
tests/test_problem_statement_verification.py::test_mappingproxy_uses_isinstance_not_string_check FAILED [ 82%]
tests/test_problem_statement_verification.py::test_mappingproxy_json_serialization FAILED [ 82%]
tests/test_problem_statement_verification.py::test_mappingproxy_import_from_types FAILED [ 82%]
tests/test_problem_statement_verification.py::test_evidence_registry_has_hash_index_not_by_hash FAILED [ 82%]
tests/test_problem_statement_verification.py::test_evidence_registry_hash_index_type FAILED [ 82%]
tests/test_problem_statement_verification.py::test_no_by_hash_usage_in_codebase PASSED [ 83%]
tests/test_problem_statement_verification.py::test_all_three_issues_integration FAILED [ 83%]
tests/test_proof_generator.py::test_compute_file_hash PASSED             [ 83%]
tests/test_proof_generator.py::test_compute_file_hash_missing_file PASSED [ 83%]
tests/test_proof_generator.py::test_compute_dict_hash_deterministic PASSED [ 83%]
tests/test_proof_generator.py::test_compute_dict_hash_key_order_invariant PASSED [ 83%]
tests/test_proof_generator.py::test_compute_code_signatures PASSED       [ 84%]
tests/test_proof_generator.py::test_verify_success_conditions_all_success PASSED [ 84%]
tests/test_proof_generator.py::test_verify_success_conditions_failed_phase PASSED [ 84%]
tests/test_proof_generator.py::test_verify_success_conditions_abort_active PASSED [ 84%]
tests/test_proof_generator.py::test_verify_success_conditions_no_artifacts PASSED [ 84%]
tests/test_proof_generator.py::test_generate_proof_complete PASSED       [ 84%]
tests/test_proof_generator.py::test_generate_proof_missing_required_field PASSED [ 85%]
tests/test_proof_generator.py::test_collect_artifacts_manifest PASSED    [ 85%]
tests/test_proof_generator.py::test_verify_proof_valid PASSED            [ 85%]
tests/test_proof_generator.py::test_verify_proof_tampered PASSED         [ 85%]
tests/test_proof_generator.py::test_proof_data_with_calibration_metadata PASSED [ 85%]
tests/test_regression_semantic_chunking.py::test_semantic_chunking_syntax PASSED [ 85%]
tests/test_regression_semantic_chunking.py::test_no_duplicate_return_statements PASSED [ 86%]
tests/test_regression_semantic_chunking.py::test_extract_key_excerpts_method_structure PASSED [ 86%]
tests/test_regression_semantic_chunking.py::test_no_main_block PASSED    [ 86%]
tests/test_runtime_error_fixes.py::TestEnsureListReturn::test_false_returns_empty_list PASSED [ 86%]
tests/test_runtime_error_fixes.py::TestEnsureListReturn::test_true_returns_empty_list PASSED [ 86%]
tests/test_runtime_error_fixes.py::TestEnsureListReturn::test_none_returns_empty_list PASSED [ 86%]
tests/test_runtime_error_fixes.py::TestEnsureListReturn::test_list_returns_unchanged PASSED [ 87%]
tests/test_runtime_error_fixes.py::TestEnsureListReturn::test_tuple_converts_to_list PASSED [ 87%]
tests/test_runtime_error_fixes.py::TestSafeTextExtract::test_string_returns_unchanged PASSED [ 87%]
tests/test_runtime_error_fixes.py::TestSafeTextExtract::test_object_with_text_attribute PASSED [ 87%]
tests/test_runtime_error_fixes.py::TestSafeTextExtract::test_object_without_text_converts_to_string PASSED [ 87%]
tests/test_runtime_error_fixes.py::TestSafeTextExtract::test_nested_object_with_text_property PASSED [ 87%]
tests/test_runtime_error_fixes.py::TestSafeWeightedMultiply::test_list_multiply_by_float PASSED [ 88%]
tests/test_runtime_error_fixes.py::TestSafeWeightedMultiply::test_list_multiply_by_int PASSED [ 88%]
tests/test_runtime_error_fixes.py::TestSafeWeightedMultiply::test_empty_list_returns_empty PASSED [ 88%]
tests/test_runtime_error_fixes.py::TestSafeWeightedMultiply::test_numpy_array_multiply FAILED [ 88%]
tests/test_runtime_error_fixes.py::TestSafeWeightedMultiply::test_zero_weight PASSED [ 88%]
tests/test_runtime_error_fixes.py::TestSafeWeightedMultiply::test_negative_weight PASSED [ 88%]
tests/test_runtime_error_fixes.py::TestSafeListIteration::test_bool_not_iterable_error_prevented PASSED [ 89%]
tests/test_runtime_error_fixes.py::TestSafeListIteration::test_none_returns_empty PASSED [ 89%]
tests/test_runtime_error_fixes.py::TestSafeListIteration::test_list_returns_unchanged PASSED [ 89%]
tests/test_runtime_error_fixes.py::TestSafeListIteration::test_string_becomes_single_item_list PASSED [ 89%]
tests/test_runtime_error_fixes.py::TestSafeListIteration::test_tuple_converts PASSED [ 89%]
tests/test_runtime_error_fixes.py::TestSafeListIteration::test_range_converts PASSED [ 89%]
tests/test_runtime_error_fixes.py::TestIntegrationScenarios::test_contradiction_detection_returning_false PASSED [ 90%]
tests/test_runtime_error_fixes.py::TestIntegrationScenarios::test_spacy_text_extraction_on_string PASSED [ 90%]
tests/test_runtime_error_fixes.py::TestIntegrationScenarios::test_list_multiplication_by_float PASSED [ 90%]
tests/test_runtime_error_fixes.py::TestIntegrationScenarios::test_posterior_calculation_with_lists PASSED [ 90%]
tests/test_score_normalization_fix.py::test_macro_score_normalization FAILED [ 90%]
tests/test_score_normalization_fix.py::test_cluster_score_not_double_normalized FAILED [ 90%]
tests/test_score_normalization_fix.py::test_clusters_below_target_threshold PASSED [ 91%]
tests/test_score_normalization_fix.py::test_macro_band_classification PASSED [ 91%]
tests/test_score_normalization_fix.py::test_variance_calculation FAILED  [ 91%]
tests/test_signature_validation.py::test_defensive_function_with_extra_kwargs PASSED [ 91%]
tests/test_signature_validation.py::test_defensive_function_with_optional_param PASSED [ 91%]
tests/test_signature_validation.py::test_defensive_class_init_with_extra_kwargs PASSED [ 91%]
tests/test_signature_validation.py::test_signature_validator_basic_functionality PASSED [ 92%]
tests/test_signature_validation.py::test_validate_signature_decorator PASSED [ 92%]
tests/test_smoke_imports.py::test_package_imports PASSED                 [ 92%]
tests/test_smoke_imports.py::test_core_submodules FAILED                 [ 92%]
tests/test_smoke_imports.py::test_analysis_submodules FAILED             [ 92%]
tests/test_smoke_imports.py::test_processing_submodules FAILED           [ 92%]
tests/test_smoke_imports.py::test_concurrency_module PASSED              [ 93%]
tests/test_smoke_imports.py::test_scoring_module FAILED                  [ 93%]
tests/test_smoke_imports.py::test_api_module FAILED                      [ 93%]
tests/test_smoke_imports.py::test_utils_submodules FAILED                [ 93%]
tests/test_smoke_imports.py::test_infrastructure_modules PASSED          [ 93%]
tests/test_smoke_imports.py::test_walk_packages FAILED                   [ 93%]
tests/test_smoke_imports.py::test_no_syspath_manipulation PASSED         [ 94%]
tests/test_statistics_guards.py::test_variance_with_empty_list PASSED    [ 94%]
tests/test_statistics_guards.py::test_variance_with_single_value PASSED  [ 94%]
tests/test_statistics_guards.py::test_variance_with_two_values PASSED    [ 94%]
tests/test_statistics_guards.py::test_variance_with_multiple_values PASSED [ 94%]
tests/test_statistics_guards.py::test_variance_without_guard_raises PASSED [ 94%]
tests/test_statistics_guards.py::test_mean_with_empty_list PASSED        [ 95%]
tests/test_statistics_guards.py::test_mean_with_values PASSED            [ 95%]
tests/test_strategic_wiring.py::TestStrategicWiring::test_all_strategic_files_exist SKIPPED [ 95%]
tests/test_strategic_wiring.py::TestStrategicWiring::test_evidence_registry_immutability SKIPPED [ 95%]
tests/test_strategic_wiring.py::TestStrategicWiring::test_evidence_registry_imports SKIPPED [ 95%]
tests/test_strategic_wiring.py::TestStrategicWiring::test_golden_rule_imports SKIPPED [ 95%]
tests/test_strategic_wiring.py::TestStrategicWiring::test_golden_rule_validator SKIPPED [ 96%]
tests/test_strategic_wiring.py::TestStrategicWiring::test_json_contract_loader_functionality SKIPPED [ 96%]
tests/test_strategic_wiring.py::TestStrategicWiring::test_json_contract_loader_imports SKIPPED [ 96%]
tests/test_strategic_wiring.py::TestStrategicWiring::test_meso_cluster_analysis_imports SKIPPED [ 96%]
tests/test_strategic_wiring.py::TestStrategicWiring::test_provenance_includes_all_strategic_files SKIPPED [ 96%]
tests/test_strategic_wiring.py::TestStrategicWiring::test_qmcm_hooks_imports SKIPPED [ 96%]
tests/test_strategic_wiring.py::TestStrategicWiring::test_qmcm_recorder_functionality SKIPPED [ 97%]
tests/test_strategic_wiring.py::TestStrategicWiring::test_seed_factory_determinism SKIPPED [ 97%]
tests/test_strategic_wiring.py::TestStrategicWiring::test_seed_factory_imports SKIPPED [ 97%]
tests/test_strategic_wiring.py::TestStrategicWiring::test_validation_engine_imports SKIPPED [ 97%]
tests/test_strategic_wiring.py::TestStrategicWiring::test_validation_engine_preconditions SKIPPED [ 97%]
tests/test_strategic_wiring.py::TestStrategicWiring::test_validation_predicates_imports SKIPPED [ 97%]
tests/test_strategic_wiring.py::TestStrategicFileInteraction::test_seed_factory_context_manager SKIPPED [ 98%]
tests/test_strategic_wiring.py::TestStrategicFileInteraction::test_validation_engine_uses_predicates SKIPPED [ 98%]
tests/test_system_audit.py::TestCompilation::test_all_files_compile PASSED [ 98%]
tests/test_system_audit.py::TestCompilation::test_no_duplicate_lines PASSED [ 98%]
tests/test_system_audit.py::TestImports::test_no_circular_imports_in_core PASSED [ 98%]
tests/test_system_audit.py::TestImports::test_import_statements_valid PASSED [ 98%]
tests/test_system_audit.py::TestRoutes::test_api_routes_exist PASSED     [ 99%]
tests/test_system_audit.py::TestPaths::test_config_files_exist PASSED    [ 99%]
tests/test_system_audit.py::TestPaths::test_directory_structure PASSED   [ 99%]
tests/test_system_audit.py::TestPaths::test_audit_report_exists PASSED   [ 99%]
tests/test_system_audit.py::TestSystemIntegrity::test_no_empty_python_files FAILED [ 99%]
tests/test_system_audit.py::TestSystemIntegrity::test_init_files_present PASSED [100%]

==================================== ERRORS ====================================
_________ ERROR collecting tests/data/test_questionnaire_and_rubric.py _________
ImportError while importing test module '/home/user/F.A.R.F.A.N-MECHANISTIC_POLICY_PIPELINE_/tests/data/test_questionnaire_and_rubric.py'.
Hint: make sure your test modules/packages have valid Python names.
Traceback:
/root/.local/share/uv/tools/pytest/lib/python3.11/site-packages/_pytest/python.py:507: in importtestmodule
    mod = import_path(
/root/.local/share/uv/tools/pytest/lib/python3.11/site-packages/_pytest/pathlib.py:587: in import_path
    importlib.import_module(module_name)
/usr/lib/python3.11/importlib/__init__.py:126: in import_module
    return _bootstrap._gcd_import(name[level:], package, level)
           ^^^^^^^^^^^^^^^^^^^^^^^^^^^^^^^^^^^^^^^^^^^^^^^^^^^^
<frozen importlib._bootstrap>:1204: in _gcd_import
    ???
<frozen importlib._bootstrap>:1176: in _find_and_load
    ???
<frozen importlib._bootstrap>:1147: in _find_and_load_unlocked
    ???
<frozen importlib._bootstrap>:690: in _load_unlocked
    ???
/root/.local/share/uv/tools/pytest/lib/python3.11/site-packages/_pytest/assertion/rewrite.py:197: in exec_module
    exec(co, module.__dict__)
tests/data/test_questionnaire_and_rubric.py:6: in <module>
    from farfan_core.utils.validation.schema_validator import SchemaValidator
src/farfan_core/utils/validation/__init__.py:3: in <module>
    from .aggregation_models import (
src/farfan_core/utils/validation/aggregation_models.py:8: in <module>
    from pydantic import BaseModel, ConfigDict, Field, field_validator, model_validator
E   ModuleNotFoundError: No module named 'pydantic'
___________ ERROR collecting tests/integration/test_30_executors.py ____________
invalid method signature

During handling of the above exception, another exception occurred:
Could not determine arguments of <bound method TestExecutorArchitecture.dimension_names of <tests.integration.test_30_executors.TestExecutorArchitecture object at 0x7ea973814790>>: invalid method signature
___________ ERROR collecting tests/integration/test_30_executors.py ____________
invalid method signature

During handling of the above exception, another exception occurred:
Could not determine arguments of <bound method TestExecutorIntegrationWithRealData.sample_policy_data of <tests.integration.test_30_executors.TestExecutorIntegrationWithRealData object at 0x7ea973811cd0>>: invalid method signature
____________ ERROR collecting tests/test_aggregation_validation.py _____________
ImportError while importing test module '/home/user/F.A.R.F.A.N-MECHANISTIC_POLICY_PIPELINE_/tests/test_aggregation_validation.py'.
Hint: make sure your test modules/packages have valid Python names.
Traceback:
/root/.local/share/uv/tools/pytest/lib/python3.11/site-packages/_pytest/python.py:507: in importtestmodule
    mod = import_path(
/root/.local/share/uv/tools/pytest/lib/python3.11/site-packages/_pytest/pathlib.py:587: in import_path
    importlib.import_module(module_name)
/usr/lib/python3.11/importlib/__init__.py:126: in import_module
    return _bootstrap._gcd_import(name[level:], package, level)
           ^^^^^^^^^^^^^^^^^^^^^^^^^^^^^^^^^^^^^^^^^^^^^^^^^^^^
<frozen importlib._bootstrap>:1204: in _gcd_import
    ???
<frozen importlib._bootstrap>:1176: in _find_and_load
    ???
<frozen importlib._bootstrap>:1147: in _find_and_load_unlocked
    ???
<frozen importlib._bootstrap>:690: in _load_unlocked
    ???
/root/.local/share/uv/tools/pytest/lib/python3.11/site-packages/_pytest/assertion/rewrite.py:197: in exec_module
    exec(co, module.__dict__)
tests/test_aggregation_validation.py:8: in <module>
    from pydantic import ValidationError
E   ModuleNotFoundError: No module named 'pydantic'
__________________ ERROR collecting tests/test_arg_router.py ___________________
ImportError while importing test module '/home/user/F.A.R.F.A.N-MECHANISTIC_POLICY_PIPELINE_/tests/test_arg_router.py'.
Hint: make sure your test modules/packages have valid Python names.
Traceback:
/root/.local/share/uv/tools/pytest/lib/python3.11/site-packages/_pytest/python.py:507: in importtestmodule
    mod = import_path(
/root/.local/share/uv/tools/pytest/lib/python3.11/site-packages/_pytest/pathlib.py:587: in import_path
    importlib.import_module(module_name)
/usr/lib/python3.11/importlib/__init__.py:126: in import_module
    return _bootstrap._gcd_import(name[level:], package, level)
           ^^^^^^^^^^^^^^^^^^^^^^^^^^^^^^^^^^^^^^^^^^^^^^^^^^^^
<frozen importlib._bootstrap>:1204: in _gcd_import
    ???
<frozen importlib._bootstrap>:1176: in _find_and_load
    ???
<frozen importlib._bootstrap>:1147: in _find_and_load_unlocked
    ???
<frozen importlib._bootstrap>:690: in _load_unlocked
    ???
/root/.local/share/uv/tools/pytest/lib/python3.11/site-packages/_pytest/assertion/rewrite.py:197: in exec_module
    exec(co, module.__dict__)
tests/test_arg_router.py:6: in <module>
    from farfan_core.core.orchestrator.arg_router import ArgRouter, ArgumentValidationError
src/farfan_core/core/orchestrator/__init__.py:141: in <module>
    from .core import (
src/farfan_core/core/orchestrator/core.py:31: in <module>
    from ...analysis.recommendation_engine import RecommendationEngine
src/farfan_core/analysis/recommendation_engine.py:29: in <module>
    import jsonschema
E   ModuleNotFoundError: No module named 'jsonschema'
_________ ERROR collecting tests/test_arg_router_expected_type_name.py _________
ImportError while importing test module '/home/user/F.A.R.F.A.N-MECHANISTIC_POLICY_PIPELINE_/tests/test_arg_router_expected_type_name.py'.
Hint: make sure your test modules/packages have valid Python names.
Traceback:
/root/.local/share/uv/tools/pytest/lib/python3.11/site-packages/_pytest/python.py:507: in importtestmodule
    mod = import_path(
/root/.local/share/uv/tools/pytest/lib/python3.11/site-packages/_pytest/pathlib.py:587: in import_path
    importlib.import_module(module_name)
/usr/lib/python3.11/importlib/__init__.py:126: in import_module
    return _bootstrap._gcd_import(name[level:], package, level)
           ^^^^^^^^^^^^^^^^^^^^^^^^^^^^^^^^^^^^^^^^^^^^^^^^^^^^
<frozen importlib._bootstrap>:1204: in _gcd_import
    ???
<frozen importlib._bootstrap>:1176: in _find_and_load
    ???
<frozen importlib._bootstrap>:1147: in _find_and_load_unlocked
    ???
<frozen importlib._bootstrap>:690: in _load_unlocked
    ???
/root/.local/share/uv/tools/pytest/lib/python3.11/site-packages/_pytest/assertion/rewrite.py:197: in exec_module
    exec(co, module.__dict__)
tests/test_arg_router_expected_type_name.py:8: in <module>
    from farfan_core.core.orchestrator.arg_router import PayloadDriftMonitor
src/farfan_core/core/orchestrator/__init__.py:141: in <module>
    from .core import (
src/farfan_core/core/orchestrator/core.py:31: in <module>
    from ...analysis.recommendation_engine import RecommendationEngine
src/farfan_core/analysis/recommendation_engine.py:29: in <module>
    import jsonschema
E   ModuleNotFoundError: No module named 'jsonschema'
______________ ERROR collecting tests/test_arg_router_extended.py ______________
ImportError while importing test module '/home/user/F.A.R.F.A.N-MECHANISTIC_POLICY_PIPELINE_/tests/test_arg_router_extended.py'.
Hint: make sure your test modules/packages have valid Python names.
Traceback:
/root/.local/share/uv/tools/pytest/lib/python3.11/site-packages/_pytest/python.py:507: in importtestmodule
    mod = import_path(
/root/.local/share/uv/tools/pytest/lib/python3.11/site-packages/_pytest/pathlib.py:587: in import_path
    importlib.import_module(module_name)
/usr/lib/python3.11/importlib/__init__.py:126: in import_module
    return _bootstrap._gcd_import(name[level:], package, level)
           ^^^^^^^^^^^^^^^^^^^^^^^^^^^^^^^^^^^^^^^^^^^^^^^^^^^^
<frozen importlib._bootstrap>:1204: in _gcd_import
    ???
<frozen importlib._bootstrap>:1176: in _find_and_load
    ???
<frozen importlib._bootstrap>:1147: in _find_and_load_unlocked
    ???
<frozen importlib._bootstrap>:690: in _load_unlocked
    ???
/root/.local/share/uv/tools/pytest/lib/python3.11/site-packages/_pytest/assertion/rewrite.py:197: in exec_module
    exec(co, module.__dict__)
tests/test_arg_router_extended.py:12: in <module>
    from farfan_core.core.orchestrator.arg_router import (
src/farfan_core/core/orchestrator/__init__.py:141: in <module>
    from .core import (
src/farfan_core/core/orchestrator/core.py:31: in <module>
    from ...analysis.recommendation_engine import RecommendationEngine
src/farfan_core/analysis/recommendation_engine.py:29: in <module>
    import jsonschema
E   ModuleNotFoundError: No module named 'jsonschema'
_________________ ERROR collecting tests/test_async_timeout.py _________________
ImportError while importing test module '/home/user/F.A.R.F.A.N-MECHANISTIC_POLICY_PIPELINE_/tests/test_async_timeout.py'.
Hint: make sure your test modules/packages have valid Python names.
Traceback:
/root/.local/share/uv/tools/pytest/lib/python3.11/site-packages/_pytest/python.py:507: in importtestmodule
    mod = import_path(
/root/.local/share/uv/tools/pytest/lib/python3.11/site-packages/_pytest/pathlib.py:587: in import_path
    importlib.import_module(module_name)
/usr/lib/python3.11/importlib/__init__.py:126: in import_module
    return _bootstrap._gcd_import(name[level:], package, level)
           ^^^^^^^^^^^^^^^^^^^^^^^^^^^^^^^^^^^^^^^^^^^^^^^^^^^^
<frozen importlib._bootstrap>:1204: in _gcd_import
    ???
<frozen importlib._bootstrap>:1176: in _find_and_load
    ???
<frozen importlib._bootstrap>:1147: in _find_and_load_unlocked
    ???
<frozen importlib._bootstrap>:690: in _load_unlocked
    ???
/root/.local/share/uv/tools/pytest/lib/python3.11/site-packages/_pytest/assertion/rewrite.py:197: in exec_module
    exec(co, module.__dict__)
tests/test_async_timeout.py:10: in <module>
    from farfan_core.core.orchestrator.core import (
src/farfan_core/core/orchestrator/__init__.py:141: in <module>
    from .core import (
src/farfan_core/core/orchestrator/core.py:31: in <module>
    from ...analysis.recommendation_engine import RecommendationEngine
src/farfan_core/analysis/recommendation_engine.py:29: in <module>
    import jsonschema
E   ModuleNotFoundError: No module named 'jsonschema'
___________ ERROR collecting tests/test_calibration_completeness.py ____________
ImportError while importing test module '/home/user/F.A.R.F.A.N-MECHANISTIC_POLICY_PIPELINE_/tests/test_calibration_completeness.py'.
Hint: make sure your test modules/packages have valid Python names.
Traceback:
/root/.local/share/uv/tools/pytest/lib/python3.11/site-packages/_pytest/python.py:507: in importtestmodule
    mod = import_path(
/root/.local/share/uv/tools/pytest/lib/python3.11/site-packages/_pytest/pathlib.py:587: in import_path
    importlib.import_module(module_name)
/usr/lib/python3.11/importlib/__init__.py:126: in import_module
    return _bootstrap._gcd_import(name[level:], package, level)
           ^^^^^^^^^^^^^^^^^^^^^^^^^^^^^^^^^^^^^^^^^^^^^^^^^^^^
<frozen importlib._bootstrap>:1204: in _gcd_import
    ???
<frozen importlib._bootstrap>:1176: in _find_and_load
    ???
<frozen importlib._bootstrap>:1147: in _find_and_load_unlocked
    ???
<frozen importlib._bootstrap>:690: in _load_unlocked
    ???
/root/.local/share/uv/tools/pytest/lib/python3.11/site-packages/_pytest/assertion/rewrite.py:197: in exec_module
    exec(co, module.__dict__)
tests/test_calibration_completeness.py:13: in <module>
    from farfan_core.core.orchestrator.calibration_registry import (
src/farfan_core/core/orchestrator/__init__.py:141: in <module>
    from .core import (
src/farfan_core/core/orchestrator/core.py:31: in <module>
    from ...analysis.recommendation_engine import RecommendationEngine
src/farfan_core/analysis/recommendation_engine.py:29: in <module>
    import jsonschema
E   ModuleNotFoundError: No module named 'jsonschema'
______________ ERROR collecting tests/test_calibration_context.py ______________
ImportError while importing test module '/home/user/F.A.R.F.A.N-MECHANISTIC_POLICY_PIPELINE_/tests/test_calibration_context.py'.
Hint: make sure your test modules/packages have valid Python names.
Traceback:
/root/.local/share/uv/tools/pytest/lib/python3.11/site-packages/_pytest/python.py:507: in importtestmodule
    mod = import_path(
/root/.local/share/uv/tools/pytest/lib/python3.11/site-packages/_pytest/pathlib.py:587: in import_path
    importlib.import_module(module_name)
/usr/lib/python3.11/importlib/__init__.py:126: in import_module
    return _bootstrap._gcd_import(name[level:], package, level)
           ^^^^^^^^^^^^^^^^^^^^^^^^^^^^^^^^^^^^^^^^^^^^^^^^^^^^
<frozen importlib._bootstrap>:1204: in _gcd_import
    ???
<frozen importlib._bootstrap>:1176: in _find_and_load
    ???
<frozen importlib._bootstrap>:1147: in _find_and_load_unlocked
    ???
<frozen importlib._bootstrap>:690: in _load_unlocked
    ???
/root/.local/share/uv/tools/pytest/lib/python3.11/site-packages/_pytest/assertion/rewrite.py:197: in exec_module
    exec(co, module.__dict__)
tests/test_calibration_context.py:5: in <module>
    from src.farfan_core.core.orchestrator.calibration_registry import (
src/farfan_core/core/orchestrator/__init__.py:141: in <module>
    from .core import (
src/farfan_core/core/orchestrator/core.py:31: in <module>
    from ...analysis.recommendation_engine import RecommendationEngine
src/farfan_core/analysis/recommendation_engine.py:29: in <module>
    import jsonschema
E   ModuleNotFoundError: No module named 'jsonschema'
_____________ ERROR collecting tests/test_calibration_stability.py _____________
ImportError while importing test module '/home/user/F.A.R.F.A.N-MECHANISTIC_POLICY_PIPELINE_/tests/test_calibration_stability.py'.
Hint: make sure your test modules/packages have valid Python names.
Traceback:
/root/.local/share/uv/tools/pytest/lib/python3.11/site-packages/_pytest/python.py:507: in importtestmodule
    mod = import_path(
/root/.local/share/uv/tools/pytest/lib/python3.11/site-packages/_pytest/pathlib.py:587: in import_path
    importlib.import_module(module_name)
/usr/lib/python3.11/importlib/__init__.py:126: in import_module
    return _bootstrap._gcd_import(name[level:], package, level)
           ^^^^^^^^^^^^^^^^^^^^^^^^^^^^^^^^^^^^^^^^^^^^^^^^^^^^
<frozen importlib._bootstrap>:1204: in _gcd_import
    ???
<frozen importlib._bootstrap>:1176: in _find_and_load
    ???
<frozen importlib._bootstrap>:1147: in _find_and_load_unlocked
    ???
<frozen importlib._bootstrap>:690: in _load_unlocked
    ???
/root/.local/share/uv/tools/pytest/lib/python3.11/site-packages/_pytest/assertion/rewrite.py:197: in exec_module
    exec(co, module.__dict__)
tests/test_calibration_stability.py:15: in <module>
    from farfan_core.core.orchestrator.calibration_registry import (
src/farfan_core/core/orchestrator/__init__.py:141: in <module>
    from .core import (
src/farfan_core/core/orchestrator/core.py:31: in <module>
    from ...analysis.recommendation_engine import RecommendationEngine
src/farfan_core/analysis/recommendation_engine.py:29: in <module>
    import jsonschema
E   ModuleNotFoundError: No module named 'jsonschema'
____________ ERROR collecting tests/test_circuit_breaker_stress.py _____________
ImportError while importing test module '/home/user/F.A.R.F.A.N-MECHANISTIC_POLICY_PIPELINE_/tests/test_circuit_breaker_stress.py'.
Hint: make sure your test modules/packages have valid Python names.
Traceback:
/root/.local/share/uv/tools/pytest/lib/python3.11/site-packages/_pytest/python.py:507: in importtestmodule
    mod = import_path(
/root/.local/share/uv/tools/pytest/lib/python3.11/site-packages/_pytest/pathlib.py:587: in import_path
    importlib.import_module(module_name)
/usr/lib/python3.11/importlib/__init__.py:126: in import_module
    return _bootstrap._gcd_import(name[level:], package, level)
           ^^^^^^^^^^^^^^^^^^^^^^^^^^^^^^^^^^^^^^^^^^^^^^^^^^^^
<frozen importlib._bootstrap>:1204: in _gcd_import
    ???
<frozen importlib._bootstrap>:1176: in _find_and_load
    ???
<frozen importlib._bootstrap>:1147: in _find_and_load_unlocked
    ???
<frozen importlib._bootstrap>:690: in _load_unlocked
    ???
/root/.local/share/uv/tools/pytest/lib/python3.11/site-packages/_pytest/assertion/rewrite.py:197: in exec_module
    exec(co, module.__dict__)
tests/test_circuit_breaker_stress.py:13: in <module>
    from farfan_core.core.orchestrator.signals import (
src/farfan_core/core/orchestrator/__init__.py:141: in <module>
    from .core import (
src/farfan_core/core/orchestrator/core.py:31: in <module>
    from ...analysis.recommendation_engine import RecommendationEngine
src/farfan_core/analysis/recommendation_engine.py:29: in <module>
    import jsonschema
E   ModuleNotFoundError: No module named 'jsonschema'
_______________ ERROR collecting tests/test_contract_runtime.py ________________
ImportError while importing test module '/home/user/F.A.R.F.A.N-MECHANISTIC_POLICY_PIPELINE_/tests/test_contract_runtime.py'.
Hint: make sure your test modules/packages have valid Python names.
Traceback:
/root/.local/share/uv/tools/pytest/lib/python3.11/site-packages/_pytest/python.py:507: in importtestmodule
    mod = import_path(
/root/.local/share/uv/tools/pytest/lib/python3.11/site-packages/_pytest/pathlib.py:587: in import_path
    importlib.import_module(module_name)
/usr/lib/python3.11/importlib/__init__.py:126: in import_module
    return _bootstrap._gcd_import(name[level:], package, level)
           ^^^^^^^^^^^^^^^^^^^^^^^^^^^^^^^^^^^^^^^^^^^^^^^^^^^^
<frozen importlib._bootstrap>:1204: in _gcd_import
    ???
<frozen importlib._bootstrap>:1176: in _find_and_load
    ???
<frozen importlib._bootstrap>:1147: in _find_and_load_unlocked
    ???
<frozen importlib._bootstrap>:690: in _load_unlocked
    ???
/root/.local/share/uv/tools/pytest/lib/python3.11/site-packages/_pytest/assertion/rewrite.py:197: in exec_module
    exec(co, module.__dict__)
tests/test_contract_runtime.py:16: in <module>
    from pydantic import ValidationError
E   ModuleNotFoundError: No module named 'pydantic'
______________ ERROR collecting tests/test_contract_snapshots.py _______________
ImportError while importing test module '/home/user/F.A.R.F.A.N-MECHANISTIC_POLICY_PIPELINE_/tests/test_contract_snapshots.py'.
Hint: make sure your test modules/packages have valid Python names.
Traceback:
[...]
ironment readiness (Python, native, compatibility)"\n\t@echo "  make audit-imports        - Run comprehensive import system checks"\n\t@echo "  make audit-paths          - Run comprehensive path usage and portability checks"\n\t@echo "  make test-paths           - Run path validation tests"\n\t@echo "  make ci-prep-dirs         - Create required directories for CI/CD"\n\t@echo ""\n\t@echo "Note: Run \'make setup\' first to install all required dependencies."\n\n# Install dependencies and setup the package for development\ninstall: setup\n\n# Setup the development environment (dependencies + editable package install)\nsetup:\n\t@echo "Installing Python dependencies..."\n\t@pip install -r requirements.txt\n\t@echo "Installing development dependencies..."\n\t@pip install -r requirements-dev.txt\n\t@echo "Installing package in editable mode..."\n\t@pip install -e .\n\t@echo "\u2713 Setup complete! Package installed and ready to use."\n\n# Run all verification checks (following orchestrator excellence checklist)\nverify:\n\t@echo "=== Step 1: Bytecode Compilation ==="\n\t@python -m compileall -q core orchestrator executors || (echo "\u274c Compilation failed" && exit 1)\n\t@echo "\u2713 Compilation successful\\n"\n\t\n\t@echo "=== Step 2: Core Purity Scanner (AST anti-I/O and anti-__main__) ==="\n\t@python tools/scan_core_purity.py || (echo "\u274c Core purity check failed" && exit 1)\n\t@echo "\u2713 Core purity verified\\n"\n\t\n\t@echo "=== Step 3: Canonical Notation Enforcement ==="\n\t@python tools/lint/check_canonical_notation.py || (echo "\u274c Canonical notation violations detected" && exit 1)\n\t@echo "\u2713 Canonical notation check passed\\n"\n\t\n\t@echo "=== Step 4: Import Linter (Layer Contracts) ==="\n\t@lint-imports --config contracts/importlinter.ini || (echo "\u274c Import contracts violated" && exit 1)\n\t@echo "\u2713 Import contracts satisfied\\n"\n\t\n\t@echo "=== Step 5: Ruff Linting ==="\n\t@ruff check core orchestrator executors --quiet || (echo "\u26a0\ufe0f  Ruff found issues" && exit 1)\n\t@echo "\u2713 Ruff checks passed\\n"\n\t\n\t@echo "=== Step 6: Mypy Type Checking ==="\n\t@mypy core orchestrator executors --config-file pyproject.toml --no-error-summary 2>&1 | tee /tmp/mypy_output.txt | grep -E "(error|warning)" && echo "\u26a0\ufe0f  Mypy found issues (install full package for complete check)" || echo "\u2713 Mypy checks passed\\n"\n\t\n\t@echo "=== Step 7: Grep Boundary Checks ==="\n\t@python tools/grep_boundary_checks.py || (echo "\u274c Boundary violations detected" && exit 1)\n\t@echo "\u2713 Boundary checks passed\\n"\n\t\n\t@echo "=== Step 8: Pycycle (Circular Dependency Detection) ==="\n\t@pycycle --here > /tmp/pycycle_output.txt 2>&1 || true; \\\n\tif grep -q "No worries" /tmp/pycycle_output.txt; then \\\n\t\techo "\u2713 No circular dependencies\\n"; \\\n\telse \\\n\t\techo "\u274c Circular dependencies detected"; \\\n\t\tcat /tmp/pycycle_output.txt; \\\n\t\texit 1; \\\n\tfi\n\t\n\t@echo "=== Step 9: Bulk Import Test ==="\n\t@python scripts/import_all.py || (echo "\u274c Import test failed" && exit 1)\n\t@echo "\u2713 Import test passed\\n"\n\t\n\t@echo "=== Step 10: Bandit Security Scan ==="\n\t@bandit -q -r core orchestrator executors -f txt 2>&1 | head -20 || echo "\u2713 Security scan completed\\n"\n\t\n\t@echo "=== Step 11: Test Suite ==="\n\t@pytest -q -ra tests/ 2>&1 | tail -30 || echo "\u26a0\ufe0f  Some tests failed"\n\t\n\t@echo "\\n=== VERIFICATION COMPLETE ==="\n\n# Validate canonical notation usage\nvalidate-canonical:\n\t@echo "Checking canonical notation enforcement..."\n\t@python3 tools/lint/check_canonical_notation.py\n\n# Validate questionnaire monolith against JSON Schema\nvalidate-monolith:\n\t@echo "Validating questionnaire monolith..."\n\t@python3 scripts/validate_questionnaire_monolith_schema.py\n\n# Alias for validate-monolith\nvalidate-schema: validate-monolith\n\n# Clean build artifacts and cache files\nclean:\n\t@echo "Cleaning build artifacts..."\n\t@rm -rf build/ dist/ *.egg-info .pytest_cache/ .mypy_cache/ .ruff_cache/\n\t@find . -type d -name __pycache__ -exec rm -rf {} + 2>/dev/null || true\n\t@echo "\u2713 Cleaned"\n\n# Equipment checks - verify environment readiness\nequip: equip-python equip-native equip-compat\n\t@echo "\\n=== ALL EQUIPMENT CHECKS COMPLETE ==="\n\nequip-python:\n\t@echo "Running Python environment checks..."\n\t@python3 scripts/equip_python.py\n\nequip-native:\n\t@echo "Running native dependencies checks..."\n\t@python3 scripts/equip_native.py\n\nequip-compat:\n\t@echo "Running compatibility layer checks..."\n\t@python3 scripts/equip_compat.py\n\nequip-types:\n\t@echo "Running type stubs checks..."\n\t@echo "Checking for py.typed marker..."\n\t@test -f src/farfan_core/py.typed && echo "\u2713 py.typed present" || (echo "\u2717 py.typed missing" && exit 1)\n\t@echo "Checking type checking configuration..."\n\t@grep -q "typeCheckingMode" pyproject.toml && echo "\u2713 pyright configured" || echo "\u26a0\ufe0f  pyright not configured"\n\t@grep -q "strict = true" pyproject.toml && echo "\u2713 mypy strict mode enabled" || echo "\u26a0\ufe0f  mypy not strict"\n\n# Import audit - comprehensive import system checks\naudit-imports:\n\t@echo "=== IMPORT AUDIT ==="\n\t@echo "\\n1. Shadowing Detection:"\n\t@python3 scripts/audit_import_shadowing.py || true\n\t@echo "\\n2. Circular Import Detection:"\n\t@python3 scripts/audit_circular_imports.py || true\n\t@echo "\\n3. Import Budget Check:"\n\t@python3 scripts/audit_import_budget.py || true\n\t@echo "\\n=== AUDIT COMPLETE ==="\n\n# Path audit - comprehensive path usage and portability checks\naudit-paths:\n\t@echo "=== PATH AUDIT ==="\n\t@python3 scripts/audit_paths.py\n\t@echo "\u2713 Path audit complete. See PATHS_AUDIT.md for details."\n\n# Path testing - run all path validation tests\ntest-paths:\n\t@echo "=== PATH TESTS ==="\n\t@pytest tests/paths/ -v\n\t@echo "\u2713 Path tests complete."\n\n# Path fix - auto-fix common path issues (where safe)\nfix-paths:\n\t@echo "=== PATH AUTO-FIX ==="\n\t@echo "\u26a0\ufe0f  Auto-fix not yet implemented. Manual fixes required."\n\t@echo "See PATHS_AUDIT.md for guidance."\n\n# CI prep - create required directories for CI/CD\nci-prep-dirs:\n\t@echo "=== PREPARING CI DIRECTORIES ==="\n\t@mkdir -p tmp build/cache build/reports data\n\t@echo "\u2713 CI directories created."\n'
FAILED tests/test_dependency_management.py::TestDependencyManagement::test_ci_workflow_exists - AssertionError: Dependency gates CI workflow missing
assert False
 +  where False = exists()
 +    where exists = PosixPath('/home/user/F.A.R.F.A.N-MECHANISTIC_POLICY_PIPELINE_/.github/workflows/dependency-gates.yml').exists
FAILED tests/test_executor_config_cli.py::test_executor_config_has_from_cli - ModuleNotFoundError: No module named 'jsonschema'
FAILED tests/test_executor_config_cli.py::test_executor_config_from_cli_without_app - ModuleNotFoundError: No module named 'jsonschema'
FAILED tests/test_executor_config_cli.py::test_executor_config_from_cli_args - ModuleNotFoundError: No module named 'jsonschema'
FAILED tests/test_executor_config_cli.py::test_executor_config_describe - ModuleNotFoundError: No module named 'jsonschema'
FAILED tests/test_executor_config_cli.py::test_executor_config_from_env - ModuleNotFoundError: No module named 'jsonschema'
FAILED tests/test_gold_canario_meso_reporting.py::TestReconcileCrossMetrics::test_unit_conversion - assert 110.00000000000001 == 110.0
FAILED tests/test_gold_canario_meso_reporting.py::TestComposeClusterPosterior::test_weighted_composition - assert 0.75 < 0.75
FAILED tests/test_gold_canario_meso_reporting.py::TestCalibrateAgainstPeers::test_all_within_iqr - AssertionError: assert ('dentro' in 'el contraste con la mediana de los pares muestra un desempe\xf1o heterog\xe9neo por \xe1rea.\nse ubican por encima del iqr ninguna \xe1rea, mientras que no hay ca\xeddas relevantes quedan por debajo.\nlas \xe1reas en zona intercuart\xedlica (p1, p2, p3) sostienen la base del cl\xfaster.\nlos outliers detectados mediante tukey advierten focos cr\xedticos que requieren revisi\xf3n espec\xedfica.\nun municipio con media equiparable pero menor cv (~0.04) ofrecer\xeda narrativa m\xe1s cohesionada, subrayando nuestra dispersi\xf3n relativa.\nconviene integrar estos hallazgos en la calibraci\xf3n narrativa para evitar sobreponderar \xe9xitos aislados frente a rezagos estructurales.\nrecomendar explicitar c\xf3mo la dispersi\xf3n condiciona la comparabilidad con pares que exhiben mayor equilibrio interno.' or 'within' in 'el contraste con la mediana de los pares muestra un desempe\xf1o heterog\xe9neo por \xe1rea.\nse ubican por encima del iqr ninguna \xe1rea, mientras que no hay ca\xeddas relevantes quedan por debajo.\nlas \xe1reas en zona intercuart\xedlica (p1, p2, p3) sostienen la base del cl\xfaster.\nlos outliers detectados mediante tukey advierten focos cr\xedticos que requieren revisi\xf3n espec\xedfica.\nun municipio con media equiparable pero menor cv (~0.04) ofrecer\xeda narrativa m\xe1s cohesionada, subrayando nuestra dispersi\xf3n relativa.\nconviene integrar estos hallazgos en la calibraci\xf3n narrativa para evitar sobreponderar \xe9xitos aislados frente a rezagos estructurales.\nrecomendar explicitar c\xf3mo la dispersi\xf3n condiciona la comparabilidad con pares que exhiben mayor equilibrio interno.')
 +  where 'el contraste con la mediana de los pares muestra un desempe\xf1o heterog\xe9neo por \xe1rea.\nse ubican por encima del iqr ninguna \xe1rea, mientras que no hay ca\xeddas relevantes quedan por debajo.\nlas \xe1reas en zona intercuart\xedlica (p1, p2, p3) sostienen la base del cl\xfaster.\nlos outliers detectados mediante tukey advierten focos cr\xedticos que requieren revisi\xf3n espec\xedfica.\nun municipio con media equiparable pero menor cv (~0.04) ofrecer\xeda narrativa m\xe1s cohesionada, subrayando nuestra dispersi\xf3n relativa.\nconviene integrar estos hallazgos en la calibraci\xf3n narrativa para evitar sobreponderar \xe9xitos aislados frente a rezagos estructurales.\nrecomendar explicitar c\xf3mo la dispersi\xf3n condiciona la comparabilidad con pares que exhiben mayor equilibrio interno.' = <built-in method lower of str object at 0x2cf53d0>()
 +    where <built-in method lower of str object at 0x2cf53d0> = 'El contraste con la mediana de los pares muestra un desempe\xf1o heterog\xe9neo por \xe1rea.\nSe ubican por encima del IQR ninguna \xe1rea, mientras que no hay ca\xeddas relevantes quedan por debajo.\nLas \xe1reas en zona intercuart\xedlica (P1, P2, P3) sostienen la base del cl\xfaster.\nLos outliers detectados mediante Tukey advierten focos cr\xedticos que requieren revisi\xf3n espec\xedfica.\nUn municipio con media equiparable pero menor CV (~0.04) ofrecer\xeda narrativa m\xe1s cohesionada, subrayando nuestra dispersi\xf3n relativa.\nConviene integrar estos hallazgos en la calibraci\xf3n narrativa para evitar sobreponderar \xe9xitos aislados frente a rezagos estructurales.\nRecomendar explicitar c\xf3mo la dispersi\xf3n condiciona la comparabilidad con pares que exhiben mayor equilibrio interno.'.lower
 +  and   'el contraste con la mediana de los pares muestra un desempe\xf1o heterog\xe9neo por \xe1rea.\nse ubican por encima del iqr ninguna \xe1rea, mientras que no hay ca\xeddas relevantes quedan por debajo.\nlas \xe1reas en zona intercuart\xedlica (p1, p2, p3) sostienen la base del cl\xfaster.\nlos outliers detectados mediante tukey advierten focos cr\xedticos que requieren revisi\xf3n espec\xedfica.\nun municipio con media equiparable pero menor cv (~0.04) ofrecer\xeda narrativa m\xe1s cohesionada, subrayando nuestra dispersi\xf3n relativa.\nconviene integrar estos hallazgos en la calibraci\xf3n narrativa para evitar sobreponderar \xe9xitos aislados frente a rezagos estructurales.\nrecomendar explicitar c\xf3mo la dispersi\xf3n condiciona la comparabilidad con pares que exhiben mayor equilibrio interno.' = <built-in method lower of str object at 0x2cf53d0>()
 +    where <built-in method lower of str object at 0x2cf53d0> = 'El contraste con la mediana de los pares muestra un desempe\xf1o heterog\xe9neo por \xe1rea.\nSe ubican por encima del IQR ninguna \xe1rea, mientras que no hay ca\xeddas relevantes quedan por debajo.\nLas \xe1reas en zona intercuart\xedlica (P1, P2, P3) sostienen la base del cl\xfaster.\nLos outliers detectados mediante Tukey advierten focos cr\xedticos que requieren revisi\xf3n espec\xedfica.\nUn municipio con media equiparable pero menor CV (~0.04) ofrecer\xeda narrativa m\xe1s cohesionada, subrayando nuestra dispersi\xf3n relativa.\nConviene integrar estos hallazgos en la calibraci\xf3n narrativa para evitar sobreponderar \xe9xitos aislados frente a rezagos estructurales.\nRecomendar explicitar c\xf3mo la dispersi\xf3n condiciona la comparabilidad con pares que exhiben mayor equilibrio interno.'.lower
FAILED tests/test_import_consistency.py::test_root_level_module_imports - ModuleNotFoundError: No module named 'jsonschema'
FAILED tests/test_import_consistency.py::test_root_level_package_imports - ModuleNotFoundError: No module named 'jsonschema'
FAILED tests/test_import_consistency.py::test_farfan_core_direct_imports - ModuleNotFoundError: No module named 'jsonschema'
FAILED tests/test_import_consistency.py::test_executors_lazy_loading - ModuleNotFoundError: No module named 'jsonschema'
FAILED tests/test_import_consistency.py::test_all_compatibility_shims - ModuleNotFoundError: No module named 'jsonschema'
FAILED tests/test_metrics_thread_safety.py::test_metrics_record_execution_thread_safe - ModuleNotFoundError: No module named 'jsonschema'
FAILED tests/test_metrics_thread_safety.py::test_metrics_record_quantum_optimization_thread_safe - ModuleNotFoundError: No module named 'jsonschema'
FAILED tests/test_metrics_thread_safety.py::test_metrics_record_meta_learner_selection_thread_safe - ModuleNotFoundError: No module named 'jsonschema'
FAILED tests/test_metrics_thread_safety.py::test_metrics_concurrent_mixed_operations - ModuleNotFoundError: No module named 'jsonschema'
FAILED tests/test_phase_timeout.py::test_phase_timeout_raises_on_timeout - Failed: async def functions are not natively supported.
You need to install a suitable plugin for your async framework, for example:
  - anyio
  - pytest-asyncio
  - pytest-tornasync
  - pytest-trio
  - pytest-twisted
FAILED tests/test_phase_timeout.py::test_phase_timeout_succeeds_within_timeout - Failed: async def functions are not natively supported.
You need to install a suitable plugin for your async framework, for example:
  - anyio
  - pytest-asyncio
  - pytest-tornasync
  - pytest-trio
  - pytest-twisted
FAILED tests/test_phase_timeout.py::test_phase_timeout_default_value - Failed: async def functions are not natively supported.
You need to install a suitable plugin for your async framework, for example:
  - anyio
  - pytest-asyncio
  - pytest-tornasync
  - pytest-trio
  - pytest-twisted
FAILED tests/test_phase_timeout.py::test_phase_timeout_with_cancellation - Failed: async def functions are not natively supported.
You need to install a suitable plugin for your async framework, for example:
  - anyio
  - pytest-asyncio
  - pytest-tornasync
  - pytest-trio
  - pytest-twisted
FAILED tests/test_phase_timeout.py::test_phase_timeout_with_exception - Failed: async def functions are not natively supported.
You need to install a suitable plugin for your async framework, for example:
  - anyio
  - pytest-asyncio
  - pytest-tornasync
  - pytest-trio
  - pytest-twisted
FAILED tests/test_phase_timeout.py::test_phase_timeout_logs_completion_time - Failed: async def functions are not natively supported.
You need to install a suitable plugin for your async framework, for example:
  - anyio
  - pytest-asyncio
  - pytest-tornasync
  - pytest-trio
  - pytest-twisted
FAILED tests/test_problem_statement_verification.py::test_execute_phase_with_timeout_exists - ModuleNotFoundError: No module named 'jsonschema'
FAILED tests/test_problem_statement_verification.py::test_execute_phase_with_timeout_signature - ModuleNotFoundError: No module named 'jsonschema'
FAILED tests/test_problem_statement_verification.py::test_phase_timeout_error_exists - ModuleNotFoundError: No module named 'jsonschema'
FAILED tests/test_problem_statement_verification.py::test_phase_timeout_default_constant - ModuleNotFoundError: No module named 'jsonschema'
FAILED tests/test_problem_statement_verification.py::test_execute_phase_with_timeout_legacy_signature - Failed: async def functions are not natively supported.
You need to install a suitable plugin for your async framework, for example:
  - anyio
  - pytest-asyncio
  - pytest-tornasync
  - pytest-trio
  - pytest-twisted
FAILED tests/test_problem_statement_verification.py::test_mappingproxy_normalization_exists - ModuleNotFoundError: No module named 'jsonschema'
FAILED tests/test_problem_statement_verification.py::test_mappingproxy_uses_isinstance_not_string_check - ModuleNotFoundError: No module named 'jsonschema'
FAILED tests/test_problem_statement_verification.py::test_mappingproxy_json_serialization - ModuleNotFoundError: No module named 'jsonschema'
FAILED tests/test_problem_statement_verification.py::test_mappingproxy_import_from_types - ModuleNotFoundError: No module named 'jsonschema'
FAILED tests/test_problem_statement_verification.py::test_evidence_registry_has_hash_index_not_by_hash - ModuleNotFoundError: No module named 'jsonschema'
FAILED tests/test_problem_statement_verification.py::test_evidence_registry_hash_index_type - ModuleNotFoundError: No module named 'jsonschema'
FAILED tests/test_problem_statement_verification.py::test_all_three_issues_integration - ModuleNotFoundError: No module named 'jsonschema'
FAILED tests/test_runtime_error_fixes.py::TestSafeWeightedMultiply::test_numpy_array_multiply - AssertionError: assert False
 +  where False = isinstance([0.5, 1.0, 1.5], <class 'tests.test_integration_failures._DummyNDArray'>)
 +    where <class 'tests.test_integration_failures._DummyNDArray'> = <module 'numpy'>.ndarray
FAILED tests/test_score_normalization_fix.py::test_macro_score_normalization - AttributeError: module 'numpy' has no attribute 'isscalar'
FAILED tests/test_score_normalization_fix.py::test_cluster_score_not_double_normalized - AttributeError: module 'numpy' has no attribute 'isscalar'
FAILED tests/test_score_normalization_fix.py::test_variance_calculation - AttributeError: module 'numpy' has no attribute 'isscalar'
FAILED tests/test_smoke_imports.py::test_core_submodules - ModuleNotFoundError: No module named 'jsonschema'
FAILED tests/test_smoke_imports.py::test_analysis_submodules - ModuleNotFoundError: No module named 'jsonschema'
FAILED tests/test_smoke_imports.py::test_processing_submodules - ValueError: mutable default <class 'mappingproxy'> for field extra is not allowed: use default_factory
FAILED tests/test_smoke_imports.py::test_scoring_module - ImportError: cannot import name 'Evidence' from 'farfan_core.analysis.scoring.scoring' (/home/user/F.A.R.F.A.N-MECHANISTIC_POLICY_PIPELINE_/src/farfan_core/analysis/scoring/scoring.py)
FAILED tests/test_smoke_imports.py::test_api_module - ModuleNotFoundError: No module named 'jwt'
FAILED tests/test_smoke_imports.py::test_utils_submodules - ModuleNotFoundError: No module named 'pydantic'
FAILED tests/test_smoke_imports.py::test_walk_packages - SystemExit: 1
FAILED tests/test_system_audit.py::TestSystemIntegrity::test_no_empty_python_files - AssertionError: Found empty files: ['tests/calibration/__init__.py', 'tests/unit/__init__.py', 'tests/integration/__init__.py']
assert 3 == 0
 +  where 3 = len(['tests/calibration/__init__.py', 'tests/unit/__init__.py', 'tests/integration/__init__.py'])
= 109 failed, 428 passed, 55 skipped, 1 xfailed, 1 warning, 61 errors in 22.33s =


STDERR:
================================================================================


RETURN CODE:
================================================================================
1